Local tests base dir: /Users/DelRio/Desktop/RMG/RMG-tests
Current OS: mac
/Users/DelRio/desktop/RMG/RMG-website
Testing RMG-Py Branch: master
Testing RMG-database Branch: master
Testing Jobs: NC
Data directory: /Users/DelRio/desktop/RMG/data_dir
Fetching package metadata ...........
Solving package specifications: .
#
# To activate this environment, use:
# > source activate benchmark_env_bdba7a33_807e8409
#
# To deactivate this environment, use:
# > source deactivate benchmark_env_bdba7a33_807e8409
#

Checking you have PyDQED...
/Users/DelRio/anaconda/envs/benchmark_env_bdba7a33_807e8409/lib/python2.7/site-packages/pydqed.so
python setup.py build_ext main --build-lib . --build-temp build --pyrex-c-in-temp
running build_ext
cythoning rmgpy/kinetics/arrhenius.pyx to build/pyrex/rmgpy/kinetics/arrhenius.c
creating build
creating build/pyrex
creating build/pyrex/rmgpy
creating build/pyrex/rmgpy/kinetics
building 'rmgpy.kinetics.arrhenius' extension
creating build/build
creating build/build/pyrex
creating build/build/pyrex/rmgpy
creating build/build/pyrex/rmgpy/kinetics
gcc -fno-strict-aliasing -I/Users/DelRio/anaconda/envs/benchmark_env_bdba7a33_807e8409/include -arch x86_64 -DNDEBUG -g -fwrapv -O3 -Wall -Wstrict-prototypes -I. -I/Users/DelRio/anaconda/envs/benchmark_env_bdba7a33_807e8409/lib/python2.7/site-packages/numpy/core/include -I/Users/DelRio/anaconda/envs/benchmark_env_bdba7a33_807e8409/include/python2.7 -c build/pyrex/rmgpy/kinetics/arrhenius.c -o build/build/pyrex/rmgpy/kinetics/arrhenius.o
gcc -bundle -undefined dynamic_lookup -L/Users/DelRio/anaconda/envs/benchmark_env_bdba7a33_807e8409/lib -arch x86_64 -arch x86_64 build/build/pyrex/rmgpy/kinetics/arrhenius.o -L/Users/DelRio/anaconda/envs/benchmark_env_bdba7a33_807e8409/lib -o ./rmgpy/kinetics/arrhenius.so
cythoning rmgpy/kinetics/chebyshev.pyx to build/pyrex/rmgpy/kinetics/chebyshev.c
building 'rmgpy.kinetics.chebyshev' extension
gcc -fno-strict-aliasing -I/Users/DelRio/anaconda/envs/benchmark_env_bdba7a33_807e8409/include -arch x86_64 -DNDEBUG -g -fwrapv -O3 -Wall -Wstrict-prototypes -I. -I/Users/DelRio/anaconda/envs/benchmark_env_bdba7a33_807e8409/lib/python2.7/site-packages/numpy/core/include -I/Users/DelRio/anaconda/envs/benchmark_env_bdba7a33_807e8409/include/python2.7 -c build/pyrex/rmgpy/kinetics/chebyshev.c -o build/build/pyrex/rmgpy/kinetics/chebyshev.o
gcc -bundle -undefined dynamic_lookup -L/Users/DelRio/anaconda/envs/benchmark_env_bdba7a33_807e8409/lib -arch x86_64 -arch x86_64 build/build/pyrex/rmgpy/kinetics/chebyshev.o -L/Users/DelRio/anaconda/envs/benchmark_env_bdba7a33_807e8409/lib -o ./rmgpy/kinetics/chebyshev.so
cythoning rmgpy/kinetics/kineticsdata.pyx to build/pyrex/rmgpy/kinetics/kineticsdata.c
building 'rmgpy.kinetics.kineticsdata' extension
gcc -fno-strict-aliasing -I/Users/DelRio/anaconda/envs/benchmark_env_bdba7a33_807e8409/include -arch x86_64 -DNDEBUG -g -fwrapv -O3 -Wall -Wstrict-prototypes -I. -I/Users/DelRio/anaconda/envs/benchmark_env_bdba7a33_807e8409/lib/python2.7/site-packages/numpy/core/include -I/Users/DelRio/anaconda/envs/benchmark_env_bdba7a33_807e8409/include/python2.7 -c build/pyrex/rmgpy/kinetics/kineticsdata.c -o build/build/pyrex/rmgpy/kinetics/kineticsdata.o
gcc -bundle -undefined dynamic_lookup -L/Users/DelRio/anaconda/envs/benchmark_env_bdba7a33_807e8409/lib -arch x86_64 -arch x86_64 build/build/pyrex/rmgpy/kinetics/kineticsdata.o -L/Users/DelRio/anaconda/envs/benchmark_env_bdba7a33_807e8409/lib -o ./rmgpy/kinetics/kineticsdata.so
cythoning rmgpy/kinetics/falloff.pyx to build/pyrex/rmgpy/kinetics/falloff.c
building 'rmgpy.kinetics.falloff' extension
gcc -fno-strict-aliasing -I/Users/DelRio/anaconda/envs/benchmark_env_bdba7a33_807e8409/include -arch x86_64 -DNDEBUG -g -fwrapv -O3 -Wall -Wstrict-prototypes -I. -I/Users/DelRio/anaconda/envs/benchmark_env_bdba7a33_807e8409/lib/python2.7/site-packages/numpy/core/include -I/Users/DelRio/anaconda/envs/benchmark_env_bdba7a33_807e8409/include/python2.7 -c build/pyrex/rmgpy/kinetics/falloff.c -o build/build/pyrex/rmgpy/kinetics/falloff.o
gcc -bundle -undefined dynamic_lookup -L/Users/DelRio/anaconda/envs/benchmark_env_bdba7a33_807e8409/lib -arch x86_64 -arch x86_64 build/build/pyrex/rmgpy/kinetics/falloff.o -L/Users/DelRio/anaconda/envs/benchmark_env_bdba7a33_807e8409/lib -o ./rmgpy/kinetics/falloff.so
cythoning rmgpy/kinetics/model.pyx to build/pyrex/rmgpy/kinetics/model.c
building 'rmgpy.kinetics.model' extension
gcc -fno-strict-aliasing -I/Users/DelRio/anaconda/envs/benchmark_env_bdba7a33_807e8409/include -arch x86_64 -DNDEBUG -g -fwrapv -O3 -Wall -Wstrict-prototypes -I. -I/Users/DelRio/anaconda/envs/benchmark_env_bdba7a33_807e8409/lib/python2.7/site-packages/numpy/core/include -I/Users/DelRio/anaconda/envs/benchmark_env_bdba7a33_807e8409/include/python2.7 -c build/pyrex/rmgpy/kinetics/model.c -o build/build/pyrex/rmgpy/kinetics/model.o
gcc -bundle -undefined dynamic_lookup -L/Users/DelRio/anaconda/envs/benchmark_env_bdba7a33_807e8409/lib -arch x86_64 -arch x86_64 build/build/pyrex/rmgpy/kinetics/model.o -L/Users/DelRio/anaconda/envs/benchmark_env_bdba7a33_807e8409/lib -o ./rmgpy/kinetics/model.so
cythoning rmgpy/kinetics/tunneling.pyx to build/pyrex/rmgpy/kinetics/tunneling.c
building 'rmgpy.kinetics.tunneling' extension
gcc -fno-strict-aliasing -I/Users/DelRio/anaconda/envs/benchmark_env_bdba7a33_807e8409/include -arch x86_64 -DNDEBUG -g -fwrapv -O3 -Wall -Wstrict-prototypes -I. -I/Users/DelRio/anaconda/envs/benchmark_env_bdba7a33_807e8409/lib/python2.7/site-packages/numpy/core/include -I/Users/DelRio/anaconda/envs/benchmark_env_bdba7a33_807e8409/include/python2.7 -c build/pyrex/rmgpy/kinetics/tunneling.c -o build/build/pyrex/rmgpy/kinetics/tunneling.o
gcc -bundle -undefined dynamic_lookup -L/Users/DelRio/anaconda/envs/benchmark_env_bdba7a33_807e8409/lib -arch x86_64 -arch x86_64 build/build/pyrex/rmgpy/kinetics/tunneling.o -L/Users/DelRio/anaconda/envs/benchmark_env_bdba7a33_807e8409/lib -o ./rmgpy/kinetics/tunneling.so
cythoning rmgpy/molecule/atomtype.py to build/pyrex/rmgpy/molecule/atomtype.c
creating build/pyrex/rmgpy/molecule
building 'rmgpy.molecule.atomtype' extension
creating build/build/pyrex/rmgpy/molecule
gcc -fno-strict-aliasing -I/Users/DelRio/anaconda/envs/benchmark_env_bdba7a33_807e8409/include -arch x86_64 -DNDEBUG -g -fwrapv -O3 -Wall -Wstrict-prototypes -I. -I. -I/Users/DelRio/anaconda/envs/benchmark_env_bdba7a33_807e8409/lib/python2.7/site-packages/numpy/core/include -I/Users/DelRio/anaconda/envs/benchmark_env_bdba7a33_807e8409/include/python2.7 -c build/pyrex/rmgpy/molecule/atomtype.c -o build/build/pyrex/rmgpy/molecule/atomtype.o
gcc -bundle -undefined dynamic_lookup -L/Users/DelRio/anaconda/envs/benchmark_env_bdba7a33_807e8409/lib -arch x86_64 -arch x86_64 build/build/pyrex/rmgpy/molecule/atomtype.o -L/Users/DelRio/anaconda/envs/benchmark_env_bdba7a33_807e8409/lib -o ./rmgpy/molecule/atomtype.so
cythoning rmgpy/molecule/element.py to build/pyrex/rmgpy/molecule/element.c
building 'rmgpy.molecule.element' extension
gcc -fno-strict-aliasing -I/Users/DelRio/anaconda/envs/benchmark_env_bdba7a33_807e8409/include -arch x86_64 -DNDEBUG -g -fwrapv -O3 -Wall -Wstrict-prototypes -I. -I. -I/Users/DelRio/anaconda/envs/benchmark_env_bdba7a33_807e8409/lib/python2.7/site-packages/numpy/core/include -I/Users/DelRio/anaconda/envs/benchmark_env_bdba7a33_807e8409/include/python2.7 -c build/pyrex/rmgpy/molecule/element.c -o build/build/pyrex/rmgpy/molecule/element.o
gcc -bundle -undefined dynamic_lookup -L/Users/DelRio/anaconda/envs/benchmark_env_bdba7a33_807e8409/lib -arch x86_64 -arch x86_64 build/build/pyrex/rmgpy/molecule/element.o -L/Users/DelRio/anaconda/envs/benchmark_env_bdba7a33_807e8409/lib -o ./rmgpy/molecule/element.so
cythoning rmgpy/molecule/graph.pyx to build/pyrex/rmgpy/molecule/graph.c
building 'rmgpy.molecule.graph' extension
gcc -fno-strict-aliasing -I/Users/DelRio/anaconda/envs/benchmark_env_bdba7a33_807e8409/include -arch x86_64 -DNDEBUG -g -fwrapv -O3 -Wall -Wstrict-prototypes -I. -I. -I/Users/DelRio/anaconda/envs/benchmark_env_bdba7a33_807e8409/lib/python2.7/site-packages/numpy/core/include -I/Users/DelRio/anaconda/envs/benchmark_env_bdba7a33_807e8409/include/python2.7 -c build/pyrex/rmgpy/molecule/graph.c -o build/build/pyrex/rmgpy/molecule/graph.o
gcc -bundle -undefined dynamic_lookup -L/Users/DelRio/anaconda/envs/benchmark_env_bdba7a33_807e8409/lib -arch x86_64 -arch x86_64 build/build/pyrex/rmgpy/molecule/graph.o -L/Users/DelRio/anaconda/envs/benchmark_env_bdba7a33_807e8409/lib -o ./rmgpy/molecule/graph.so
cythoning rmgpy/molecule/group.py to build/pyrex/rmgpy/molecule/group.c
building 'rmgpy.molecule.group' extension
gcc -fno-strict-aliasing -I/Users/DelRio/anaconda/envs/benchmark_env_bdba7a33_807e8409/include -arch x86_64 -DNDEBUG -g -fwrapv -O3 -Wall -Wstrict-prototypes -I. -I. -I/Users/DelRio/anaconda/envs/benchmark_env_bdba7a33_807e8409/lib/python2.7/site-packages/numpy/core/include -I/Users/DelRio/anaconda/envs/benchmark_env_bdba7a33_807e8409/include/python2.7 -c build/pyrex/rmgpy/molecule/group.c -o build/build/pyrex/rmgpy/molecule/group.o
gcc -bundle -undefined dynamic_lookup -L/Users/DelRio/anaconda/envs/benchmark_env_bdba7a33_807e8409/lib -arch x86_64 -arch x86_64 build/build/pyrex/rmgpy/molecule/group.o -L/Users/DelRio/anaconda/envs/benchmark_env_bdba7a33_807e8409/lib -o ./rmgpy/molecule/group.so
cythoning rmgpy/molecule/molecule.py to build/pyrex/rmgpy/molecule/molecule.c
building 'rmgpy.molecule.molecule' extension
gcc -fno-strict-aliasing -I/Users/DelRio/anaconda/envs/benchmark_env_bdba7a33_807e8409/include -arch x86_64 -DNDEBUG -g -fwrapv -O3 -Wall -Wstrict-prototypes -I. -I. -I/Users/DelRio/anaconda/envs/benchmark_env_bdba7a33_807e8409/lib/python2.7/site-packages/numpy/core/include -I/Users/DelRio/anaconda/envs/benchmark_env_bdba7a33_807e8409/include/python2.7 -c build/pyrex/rmgpy/molecule/molecule.c -o build/build/pyrex/rmgpy/molecule/molecule.o
gcc -bundle -undefined dynamic_lookup -L/Users/DelRio/anaconda/envs/benchmark_env_bdba7a33_807e8409/lib -arch x86_64 -arch x86_64 build/build/pyrex/rmgpy/molecule/molecule.o -L/Users/DelRio/anaconda/envs/benchmark_env_bdba7a33_807e8409/lib -o ./rmgpy/molecule/molecule.so
cythoning rmgpy/molecule/symmetry.py to build/pyrex/rmgpy/molecule/symmetry.c
building 'rmgpy.molecule.symmetry' extension
gcc -fno-strict-aliasing -I/Users/DelRio/anaconda/envs/benchmark_env_bdba7a33_807e8409/include -arch x86_64 -DNDEBUG -g -fwrapv -O3 -Wall -Wstrict-prototypes -I. -I. -I/Users/DelRio/anaconda/envs/benchmark_env_bdba7a33_807e8409/lib/python2.7/site-packages/numpy/core/include -I/Users/DelRio/anaconda/envs/benchmark_env_bdba7a33_807e8409/include/python2.7 -c build/pyrex/rmgpy/molecule/symmetry.c -o build/build/pyrex/rmgpy/molecule/symmetry.o
gcc -bundle -undefined dynamic_lookup -L/Users/DelRio/anaconda/envs/benchmark_env_bdba7a33_807e8409/lib -arch x86_64 -arch x86_64 build/build/pyrex/rmgpy/molecule/symmetry.o -L/Users/DelRio/anaconda/envs/benchmark_env_bdba7a33_807e8409/lib -o ./rmgpy/molecule/symmetry.so
cythoning rmgpy/molecule/vf2.pyx to build/pyrex/rmgpy/molecule/vf2.c
building 'rmgpy.molecule.vf2' extension
gcc -fno-strict-aliasing -I/Users/DelRio/anaconda/envs/benchmark_env_bdba7a33_807e8409/include -arch x86_64 -DNDEBUG -g -fwrapv -O3 -Wall -Wstrict-prototypes -I. -I. -I/Users/DelRio/anaconda/envs/benchmark_env_bdba7a33_807e8409/lib/python2.7/site-packages/numpy/core/include -I/Users/DelRio/anaconda/envs/benchmark_env_bdba7a33_807e8409/include/python2.7 -c build/pyrex/rmgpy/molecule/vf2.c -o build/build/pyrex/rmgpy/molecule/vf2.o
gcc -bundle -undefined dynamic_lookup -L/Users/DelRio/anaconda/envs/benchmark_env_bdba7a33_807e8409/lib -arch x86_64 -arch x86_64 build/build/pyrex/rmgpy/molecule/vf2.o -L/Users/DelRio/anaconda/envs/benchmark_env_bdba7a33_807e8409/lib -o ./rmgpy/molecule/vf2.so
cythoning rmgpy/molecule/parser.py to build/pyrex/rmgpy/molecule/parser.c
building 'rmgpy.molecule.parser' extension
gcc -fno-strict-aliasing -I/Users/DelRio/anaconda/envs/benchmark_env_bdba7a33_807e8409/include -arch x86_64 -DNDEBUG -g -fwrapv -O3 -Wall -Wstrict-prototypes -I. -I. -I/Users/DelRio/anaconda/envs/benchmark_env_bdba7a33_807e8409/lib/python2.7/site-packages/numpy/core/include -I/Users/DelRio/anaconda/envs/benchmark_env_bdba7a33_807e8409/include/python2.7 -c build/pyrex/rmgpy/molecule/parser.c -o build/build/pyrex/rmgpy/molecule/parser.o
gcc -bundle -undefined dynamic_lookup -L/Users/DelRio/anaconda/envs/benchmark_env_bdba7a33_807e8409/lib -arch x86_64 -arch x86_64 build/build/pyrex/rmgpy/molecule/parser.o -L/Users/DelRio/anaconda/envs/benchmark_env_bdba7a33_807e8409/lib -o ./rmgpy/molecule/parser.so
cythoning rmgpy/molecule/generator.py to build/pyrex/rmgpy/molecule/generator.c
building 'rmgpy.molecule.generator' extension
gcc -fno-strict-aliasing -I/Users/DelRio/anaconda/envs/benchmark_env_bdba7a33_807e8409/include -arch x86_64 -DNDEBUG -g -fwrapv -O3 -Wall -Wstrict-prototypes -I. -I. -I/Users/DelRio/anaconda/envs/benchmark_env_bdba7a33_807e8409/lib/python2.7/site-packages/numpy/core/include -I/Users/DelRio/anaconda/envs/benchmark_env_bdba7a33_807e8409/include/python2.7 -c build/pyrex/rmgpy/molecule/generator.c -o build/build/pyrex/rmgpy/molecule/generator.o
gcc -bundle -undefined dynamic_lookup -L/Users/DelRio/anaconda/envs/benchmark_env_bdba7a33_807e8409/lib -arch x86_64 -arch x86_64 build/build/pyrex/rmgpy/molecule/generator.o -L/Users/DelRio/anaconda/envs/benchmark_env_bdba7a33_807e8409/lib -o ./rmgpy/molecule/generator.so
cythoning rmgpy/molecule/util.py to build/pyrex/rmgpy/molecule/util.c
building 'rmgpy.molecule.util' extension
gcc -fno-strict-aliasing -I/Users/DelRio/anaconda/envs/benchmark_env_bdba7a33_807e8409/include -arch x86_64 -DNDEBUG -g -fwrapv -O3 -Wall -Wstrict-prototypes -I. -I. -I/Users/DelRio/anaconda/envs/benchmark_env_bdba7a33_807e8409/lib/python2.7/site-packages/numpy/core/include -I/Users/DelRio/anaconda/envs/benchmark_env_bdba7a33_807e8409/include/python2.7 -c build/pyrex/rmgpy/molecule/util.c -o build/build/pyrex/rmgpy/molecule/util.o
gcc -bundle -undefined dynamic_lookup -L/Users/DelRio/anaconda/envs/benchmark_env_bdba7a33_807e8409/lib -arch x86_64 -arch x86_64 build/build/pyrex/rmgpy/molecule/util.o -L/Users/DelRio/anaconda/envs/benchmark_env_bdba7a33_807e8409/lib -o ./rmgpy/molecule/util.so
cythoning rmgpy/molecule/inchi.py to build/pyrex/rmgpy/molecule/inchi.c
building 'rmgpy.molecule.inchi' extension
gcc -fno-strict-aliasing -I/Users/DelRio/anaconda/envs/benchmark_env_bdba7a33_807e8409/include -arch x86_64 -DNDEBUG -g -fwrapv -O3 -Wall -Wstrict-prototypes -I. -I. -I/Users/DelRio/anaconda/envs/benchmark_env_bdba7a33_807e8409/lib/python2.7/site-packages/numpy/core/include -I/Users/DelRio/anaconda/envs/benchmark_env_bdba7a33_807e8409/include/python2.7 -c build/pyrex/rmgpy/molecule/inchi.c -o build/build/pyrex/rmgpy/molecule/inchi.o
gcc -bundle -undefined dynamic_lookup -L/Users/DelRio/anaconda/envs/benchmark_env_bdba7a33_807e8409/lib -arch x86_64 -arch x86_64 build/build/pyrex/rmgpy/molecule/inchi.o -L/Users/DelRio/anaconda/envs/benchmark_env_bdba7a33_807e8409/lib -o ./rmgpy/molecule/inchi.so
cythoning rmgpy/molecule/resonance.py to build/pyrex/rmgpy/molecule/resonance.c
building 'rmgpy.molecule.resonance' extension
gcc -fno-strict-aliasing -I/Users/DelRio/anaconda/envs/benchmark_env_bdba7a33_807e8409/include -arch x86_64 -DNDEBUG -g -fwrapv -O3 -Wall -Wstrict-prototypes -I. -I. -I/Users/DelRio/anaconda/envs/benchmark_env_bdba7a33_807e8409/lib/python2.7/site-packages/numpy/core/include -I/Users/DelRio/anaconda/envs/benchmark_env_bdba7a33_807e8409/include/python2.7 -c build/pyrex/rmgpy/molecule/resonance.c -o build/build/pyrex/rmgpy/molecule/resonance.o
gcc -bundle -undefined dynamic_lookup -L/Users/DelRio/anaconda/envs/benchmark_env_bdba7a33_807e8409/lib -arch x86_64 -arch x86_64 build/build/pyrex/rmgpy/molecule/resonance.o -L/Users/DelRio/anaconda/envs/benchmark_env_bdba7a33_807e8409/lib -o ./rmgpy/molecule/resonance.so
cythoning rmgpy/molecule/pathfinder.py to build/pyrex/rmgpy/molecule/pathfinder.c
building 'rmgpy.molecule.pathfinder' extension
gcc -fno-strict-aliasing -I/Users/DelRio/anaconda/envs/benchmark_env_bdba7a33_807e8409/include -arch x86_64 -DNDEBUG -g -fwrapv -O3 -Wall -Wstrict-prototypes -I. -I. -I/Users/DelRio/anaconda/envs/benchmark_env_bdba7a33_807e8409/lib/python2.7/site-packages/numpy/core/include -I/Users/DelRio/anaconda/envs/benchmark_env_bdba7a33_807e8409/include/python2.7 -c build/pyrex/rmgpy/molecule/pathfinder.c -o build/build/pyrex/rmgpy/molecule/pathfinder.o
gcc -bundle -undefined dynamic_lookup -L/Users/DelRio/anaconda/envs/benchmark_env_bdba7a33_807e8409/lib -arch x86_64 -arch x86_64 build/build/pyrex/rmgpy/molecule/pathfinder.o -L/Users/DelRio/anaconda/envs/benchmark_env_bdba7a33_807e8409/lib -o ./rmgpy/molecule/pathfinder.so
cythoning rmgpy/molecule/kekulize.pyx to build/pyrex/rmgpy/molecule/kekulize.c
building 'rmgpy.molecule.kekulize' extension
gcc -fno-strict-aliasing -I/Users/DelRio/anaconda/envs/benchmark_env_bdba7a33_807e8409/include -arch x86_64 -DNDEBUG -g -fwrapv -O3 -Wall -Wstrict-prototypes -I. -I. -I/Users/DelRio/anaconda/envs/benchmark_env_bdba7a33_807e8409/lib/python2.7/site-packages/numpy/core/include -I/Users/DelRio/anaconda/envs/benchmark_env_bdba7a33_807e8409/include/python2.7 -c build/pyrex/rmgpy/molecule/kekulize.c -o build/build/pyrex/rmgpy/molecule/kekulize.o
gcc -bundle -undefined dynamic_lookup -L/Users/DelRio/anaconda/envs/benchmark_env_bdba7a33_807e8409/lib -arch x86_64 -arch x86_64 build/build/pyrex/rmgpy/molecule/kekulize.o -L/Users/DelRio/anaconda/envs/benchmark_env_bdba7a33_807e8409/lib -o ./rmgpy/molecule/kekulize.so
cythoning rmgpy/pdep/collision.pyx to build/pyrex/rmgpy/pdep/collision.c
creating build/pyrex/rmgpy/pdep
building 'rmgpy.pdep.collision' extension
creating build/build/pyrex/rmgpy/pdep
gcc -fno-strict-aliasing -I/Users/DelRio/anaconda/envs/benchmark_env_bdba7a33_807e8409/include -arch x86_64 -DNDEBUG -g -fwrapv -O3 -Wall -Wstrict-prototypes -I. -I/Users/DelRio/anaconda/envs/benchmark_env_bdba7a33_807e8409/lib/python2.7/site-packages/numpy/core/include -I/Users/DelRio/anaconda/envs/benchmark_env_bdba7a33_807e8409/include/python2.7 -c build/pyrex/rmgpy/pdep/collision.c -o build/build/pyrex/rmgpy/pdep/collision.o
gcc -bundle -undefined dynamic_lookup -L/Users/DelRio/anaconda/envs/benchmark_env_bdba7a33_807e8409/lib -arch x86_64 -arch x86_64 build/build/pyrex/rmgpy/pdep/collision.o -L/Users/DelRio/anaconda/envs/benchmark_env_bdba7a33_807e8409/lib -o ./rmgpy/pdep/collision.so
cythoning rmgpy/pdep/configuration.pyx to build/pyrex/rmgpy/pdep/configuration.c
building 'rmgpy.pdep.configuration' extension
gcc -fno-strict-aliasing -I/Users/DelRio/anaconda/envs/benchmark_env_bdba7a33_807e8409/include -arch x86_64 -DNDEBUG -g -fwrapv -O3 -Wall -Wstrict-prototypes -I. -I/Users/DelRio/anaconda/envs/benchmark_env_bdba7a33_807e8409/lib/python2.7/site-packages/numpy/core/include -I/Users/DelRio/anaconda/envs/benchmark_env_bdba7a33_807e8409/include/python2.7 -c build/pyrex/rmgpy/pdep/configuration.c -o build/build/pyrex/rmgpy/pdep/configuration.o
gcc -bundle -undefined dynamic_lookup -L/Users/DelRio/anaconda/envs/benchmark_env_bdba7a33_807e8409/lib -arch x86_64 -arch x86_64 build/build/pyrex/rmgpy/pdep/configuration.o -L/Users/DelRio/anaconda/envs/benchmark_env_bdba7a33_807e8409/lib -o ./rmgpy/pdep/configuration.so
cythoning rmgpy/pdep/me.pyx to build/pyrex/rmgpy/pdep/me.c
building 'rmgpy.pdep.me' extension
gcc -fno-strict-aliasing -I/Users/DelRio/anaconda/envs/benchmark_env_bdba7a33_807e8409/include -arch x86_64 -DNDEBUG -g -fwrapv -O3 -Wall -Wstrict-prototypes -I. -I/Users/DelRio/anaconda/envs/benchmark_env_bdba7a33_807e8409/lib/python2.7/site-packages/numpy/core/include -I/Users/DelRio/anaconda/envs/benchmark_env_bdba7a33_807e8409/include/python2.7 -c build/pyrex/rmgpy/pdep/me.c -o build/build/pyrex/rmgpy/pdep/me.o
gcc -bundle -undefined dynamic_lookup -L/Users/DelRio/anaconda/envs/benchmark_env_bdba7a33_807e8409/lib -arch x86_64 -arch x86_64 build/build/pyrex/rmgpy/pdep/me.o -L/Users/DelRio/anaconda/envs/benchmark_env_bdba7a33_807e8409/lib -o ./rmgpy/pdep/me.so
cythoning rmgpy/pdep/msc.pyx to build/pyrex/rmgpy/pdep/msc.c
building 'rmgpy.pdep.msc' extension
gcc -fno-strict-aliasing -I/Users/DelRio/anaconda/envs/benchmark_env_bdba7a33_807e8409/include -arch x86_64 -DNDEBUG -g -fwrapv -O3 -Wall -Wstrict-prototypes -I. -I/Users/DelRio/anaconda/envs/benchmark_env_bdba7a33_807e8409/lib/python2.7/site-packages/numpy/core/include -I/Users/DelRio/anaconda/envs/benchmark_env_bdba7a33_807e8409/include/python2.7 -c build/pyrex/rmgpy/pdep/msc.c -o build/build/pyrex/rmgpy/pdep/msc.o
gcc -bundle -undefined dynamic_lookup -L/Users/DelRio/anaconda/envs/benchmark_env_bdba7a33_807e8409/lib -arch x86_64 -arch x86_64 build/build/pyrex/rmgpy/pdep/msc.o -L/Users/DelRio/anaconda/envs/benchmark_env_bdba7a33_807e8409/lib -o ./rmgpy/pdep/msc.so
cythoning rmgpy/pdep/reaction.pyx to build/pyrex/rmgpy/pdep/reaction.c
building 'rmgpy.pdep.reaction' extension
gcc -fno-strict-aliasing -I/Users/DelRio/anaconda/envs/benchmark_env_bdba7a33_807e8409/include -arch x86_64 -DNDEBUG -g -fwrapv -O3 -Wall -Wstrict-prototypes -I. -I/Users/DelRio/anaconda/envs/benchmark_env_bdba7a33_807e8409/lib/python2.7/site-packages/numpy/core/include -I/Users/DelRio/anaconda/envs/benchmark_env_bdba7a33_807e8409/include/python2.7 -c build/pyrex/rmgpy/pdep/reaction.c -o build/build/pyrex/rmgpy/pdep/reaction.o
gcc -bundle -undefined dynamic_lookup -L/Users/DelRio/anaconda/envs/benchmark_env_bdba7a33_807e8409/lib -arch x86_64 -arch x86_64 build/build/pyrex/rmgpy/pdep/reaction.o -L/Users/DelRio/anaconda/envs/benchmark_env_bdba7a33_807e8409/lib -o ./rmgpy/pdep/reaction.so
cythoning rmgpy/pdep/rs.pyx to build/pyrex/rmgpy/pdep/rs.c
building 'rmgpy.pdep.rs' extension
gcc -fno-strict-aliasing -I/Users/DelRio/anaconda/envs/benchmark_env_bdba7a33_807e8409/include -arch x86_64 -DNDEBUG -g -fwrapv -O3 -Wall -Wstrict-prototypes -I. -I/Users/DelRio/anaconda/envs/benchmark_env_bdba7a33_807e8409/lib/python2.7/site-packages/numpy/core/include -I/Users/DelRio/anaconda/envs/benchmark_env_bdba7a33_807e8409/include/python2.7 -c build/pyrex/rmgpy/pdep/rs.c -o build/build/pyrex/rmgpy/pdep/rs.o
gcc -bundle -undefined dynamic_lookup -L/Users/DelRio/anaconda/envs/benchmark_env_bdba7a33_807e8409/lib -arch x86_64 -arch x86_64 build/build/pyrex/rmgpy/pdep/rs.o -L/Users/DelRio/anaconda/envs/benchmark_env_bdba7a33_807e8409/lib -o ./rmgpy/pdep/rs.so
cythoning rmgpy/pdep/cse.pyx to build/pyrex/rmgpy/pdep/cse.c
building 'rmgpy.pdep.cse' extension
gcc -fno-strict-aliasing -I/Users/DelRio/anaconda/envs/benchmark_env_bdba7a33_807e8409/include -arch x86_64 -DNDEBUG -g -fwrapv -O3 -Wall -Wstrict-prototypes -I. -I/Users/DelRio/anaconda/envs/benchmark_env_bdba7a33_807e8409/lib/python2.7/site-packages/numpy/core/include -I/Users/DelRio/anaconda/envs/benchmark_env_bdba7a33_807e8409/include/python2.7 -c build/pyrex/rmgpy/pdep/cse.c -o build/build/pyrex/rmgpy/pdep/cse.o
gcc -bundle -undefined dynamic_lookup -L/Users/DelRio/anaconda/envs/benchmark_env_bdba7a33_807e8409/lib -arch x86_64 -arch x86_64 build/build/pyrex/rmgpy/pdep/cse.o -L/Users/DelRio/anaconda/envs/benchmark_env_bdba7a33_807e8409/lib -o ./rmgpy/pdep/cse.so
cythoning rmgpy/statmech/conformer.pyx to build/pyrex/rmgpy/statmech/conformer.c
creating build/pyrex/rmgpy/statmech
building 'rmgpy.statmech.conformer' extension
creating build/build/pyrex/rmgpy/statmech
gcc -fno-strict-aliasing -I/Users/DelRio/anaconda/envs/benchmark_env_bdba7a33_807e8409/include -arch x86_64 -DNDEBUG -g -fwrapv -O3 -Wall -Wstrict-prototypes -I. -I/Users/DelRio/anaconda/envs/benchmark_env_bdba7a33_807e8409/lib/python2.7/site-packages/numpy/core/include -I/Users/DelRio/anaconda/envs/benchmark_env_bdba7a33_807e8409/include/python2.7 -c build/pyrex/rmgpy/statmech/conformer.c -o build/build/pyrex/rmgpy/statmech/conformer.o
gcc -bundle -undefined dynamic_lookup -L/Users/DelRio/anaconda/envs/benchmark_env_bdba7a33_807e8409/lib -arch x86_64 -arch x86_64 build/build/pyrex/rmgpy/statmech/conformer.o -L/Users/DelRio/anaconda/envs/benchmark_env_bdba7a33_807e8409/lib -o ./rmgpy/statmech/conformer.so
cythoning rmgpy/statmech/mode.pyx to build/pyrex/rmgpy/statmech/mode.c
building 'rmgpy.statmech.mode' extension
gcc -fno-strict-aliasing -I/Users/DelRio/anaconda/envs/benchmark_env_bdba7a33_807e8409/include -arch x86_64 -DNDEBUG -g -fwrapv -O3 -Wall -Wstrict-prototypes -I. -I/Users/DelRio/anaconda/envs/benchmark_env_bdba7a33_807e8409/lib/python2.7/site-packages/numpy/core/include -I/Users/DelRio/anaconda/envs/benchmark_env_bdba7a33_807e8409/include/python2.7 -c build/pyrex/rmgpy/statmech/mode.c -o build/build/pyrex/rmgpy/statmech/mode.o
gcc -bundle -undefined dynamic_lookup -L/Users/DelRio/anaconda/envs/benchmark_env_bdba7a33_807e8409/lib -arch x86_64 -arch x86_64 build/build/pyrex/rmgpy/statmech/mode.o -L/Users/DelRio/anaconda/envs/benchmark_env_bdba7a33_807e8409/lib -o ./rmgpy/statmech/mode.so
cythoning rmgpy/statmech/rotation.pyx to build/pyrex/rmgpy/statmech/rotation.c
building 'rmgpy.statmech.rotation' extension
gcc -fno-strict-aliasing -I/Users/DelRio/anaconda/envs/benchmark_env_bdba7a33_807e8409/include -arch x86_64 -DNDEBUG -g -fwrapv -O3 -Wall -Wstrict-prototypes -I. -I/Users/DelRio/anaconda/envs/benchmark_env_bdba7a33_807e8409/lib/python2.7/site-packages/numpy/core/include -I/Users/DelRio/anaconda/envs/benchmark_env_bdba7a33_807e8409/include/python2.7 -c build/pyrex/rmgpy/statmech/rotation.c -o build/build/pyrex/rmgpy/statmech/rotation.o
gcc -bundle -undefined dynamic_lookup -L/Users/DelRio/anaconda/envs/benchmark_env_bdba7a33_807e8409/lib -arch x86_64 -arch x86_64 build/build/pyrex/rmgpy/statmech/rotation.o -L/Users/DelRio/anaconda/envs/benchmark_env_bdba7a33_807e8409/lib -o ./rmgpy/statmech/rotation.so
cythoning rmgpy/statmech/schrodinger.pyx to build/pyrex/rmgpy/statmech/schrodinger.c
building 'rmgpy.statmech.schrodinger' extension
gcc -fno-strict-aliasing -I/Users/DelRio/anaconda/envs/benchmark_env_bdba7a33_807e8409/include -arch x86_64 -DNDEBUG -g -fwrapv -O3 -Wall -Wstrict-prototypes -I. -I/Users/DelRio/anaconda/envs/benchmark_env_bdba7a33_807e8409/lib/python2.7/site-packages/numpy/core/include -I/Users/DelRio/anaconda/envs/benchmark_env_bdba7a33_807e8409/include/python2.7 -c build/pyrex/rmgpy/statmech/schrodinger.c -o build/build/pyrex/rmgpy/statmech/schrodinger.o
gcc -bundle -undefined dynamic_lookup -L/Users/DelRio/anaconda/envs/benchmark_env_bdba7a33_807e8409/lib -arch x86_64 -arch x86_64 build/build/pyrex/rmgpy/statmech/schrodinger.o -L/Users/DelRio/anaconda/envs/benchmark_env_bdba7a33_807e8409/lib -o ./rmgpy/statmech/schrodinger.so
cythoning rmgpy/statmech/torsion.pyx to build/pyrex/rmgpy/statmech/torsion.c
building 'rmgpy.statmech.torsion' extension
gcc -fno-strict-aliasing -I/Users/DelRio/anaconda/envs/benchmark_env_bdba7a33_807e8409/include -arch x86_64 -DNDEBUG -g -fwrapv -O3 -Wall -Wstrict-prototypes -I. -I/Users/DelRio/anaconda/envs/benchmark_env_bdba7a33_807e8409/lib/python2.7/site-packages/numpy/core/include -I/Users/DelRio/anaconda/envs/benchmark_env_bdba7a33_807e8409/include/python2.7 -c build/pyrex/rmgpy/statmech/torsion.c -o build/build/pyrex/rmgpy/statmech/torsion.o
gcc -bundle -undefined dynamic_lookup -L/Users/DelRio/anaconda/envs/benchmark_env_bdba7a33_807e8409/lib -arch x86_64 -arch x86_64 build/build/pyrex/rmgpy/statmech/torsion.o -L/Users/DelRio/anaconda/envs/benchmark_env_bdba7a33_807e8409/lib -o ./rmgpy/statmech/torsion.so
cythoning rmgpy/statmech/translation.pyx to build/pyrex/rmgpy/statmech/translation.c
building 'rmgpy.statmech.translation' extension
gcc -fno-strict-aliasing -I/Users/DelRio/anaconda/envs/benchmark_env_bdba7a33_807e8409/include -arch x86_64 -DNDEBUG -g -fwrapv -O3 -Wall -Wstrict-prototypes -I. -I/Users/DelRio/anaconda/envs/benchmark_env_bdba7a33_807e8409/lib/python2.7/site-packages/numpy/core/include -I/Users/DelRio/anaconda/envs/benchmark_env_bdba7a33_807e8409/include/python2.7 -c build/pyrex/rmgpy/statmech/translation.c -o build/build/pyrex/rmgpy/statmech/translation.o
gcc -bundle -undefined dynamic_lookup -L/Users/DelRio/anaconda/envs/benchmark_env_bdba7a33_807e8409/lib -arch x86_64 -arch x86_64 build/build/pyrex/rmgpy/statmech/translation.o -L/Users/DelRio/anaconda/envs/benchmark_env_bdba7a33_807e8409/lib -o ./rmgpy/statmech/translation.so
cythoning rmgpy/statmech/vibration.pyx to build/pyrex/rmgpy/statmech/vibration.c
building 'rmgpy.statmech.vibration' extension
gcc -fno-strict-aliasing -I/Users/DelRio/anaconda/envs/benchmark_env_bdba7a33_807e8409/include -arch x86_64 -DNDEBUG -g -fwrapv -O3 -Wall -Wstrict-prototypes -I. -I/Users/DelRio/anaconda/envs/benchmark_env_bdba7a33_807e8409/lib/python2.7/site-packages/numpy/core/include -I/Users/DelRio/anaconda/envs/benchmark_env_bdba7a33_807e8409/include/python2.7 -c build/pyrex/rmgpy/statmech/vibration.c -o build/build/pyrex/rmgpy/statmech/vibration.o
gcc -bundle -undefined dynamic_lookup -L/Users/DelRio/anaconda/envs/benchmark_env_bdba7a33_807e8409/lib -arch x86_64 -arch x86_64 build/build/pyrex/rmgpy/statmech/vibration.o -L/Users/DelRio/anaconda/envs/benchmark_env_bdba7a33_807e8409/lib -o ./rmgpy/statmech/vibration.so
cythoning rmgpy/thermo/thermodata.pyx to build/pyrex/rmgpy/thermo/thermodata.c
creating build/pyrex/rmgpy/thermo
building 'rmgpy.thermo.thermodata' extension
creating build/build/pyrex/rmgpy/thermo
gcc -fno-strict-aliasing -I/Users/DelRio/anaconda/envs/benchmark_env_bdba7a33_807e8409/include -arch x86_64 -DNDEBUG -g -fwrapv -O3 -Wall -Wstrict-prototypes -I. -I/Users/DelRio/anaconda/envs/benchmark_env_bdba7a33_807e8409/lib/python2.7/site-packages/numpy/core/include -I/Users/DelRio/anaconda/envs/benchmark_env_bdba7a33_807e8409/include/python2.7 -c build/pyrex/rmgpy/thermo/thermodata.c -o build/build/pyrex/rmgpy/thermo/thermodata.o
gcc -bundle -undefined dynamic_lookup -L/Users/DelRio/anaconda/envs/benchmark_env_bdba7a33_807e8409/lib -arch x86_64 -arch x86_64 build/build/pyrex/rmgpy/thermo/thermodata.o -L/Users/DelRio/anaconda/envs/benchmark_env_bdba7a33_807e8409/lib -o ./rmgpy/thermo/thermodata.so
cythoning rmgpy/thermo/model.pyx to build/pyrex/rmgpy/thermo/model.c
building 'rmgpy.thermo.model' extension
gcc -fno-strict-aliasing -I/Users/DelRio/anaconda/envs/benchmark_env_bdba7a33_807e8409/include -arch x86_64 -DNDEBUG -g -fwrapv -O3 -Wall -Wstrict-prototypes -I. -I/Users/DelRio/anaconda/envs/benchmark_env_bdba7a33_807e8409/lib/python2.7/site-packages/numpy/core/include -I/Users/DelRio/anaconda/envs/benchmark_env_bdba7a33_807e8409/include/python2.7 -c build/pyrex/rmgpy/thermo/model.c -o build/build/pyrex/rmgpy/thermo/model.o
gcc -bundle -undefined dynamic_lookup -L/Users/DelRio/anaconda/envs/benchmark_env_bdba7a33_807e8409/lib -arch x86_64 -arch x86_64 build/build/pyrex/rmgpy/thermo/model.o -L/Users/DelRio/anaconda/envs/benchmark_env_bdba7a33_807e8409/lib -o ./rmgpy/thermo/model.so
cythoning rmgpy/thermo/nasa.pyx to build/pyrex/rmgpy/thermo/nasa.c
building 'rmgpy.thermo.nasa' extension
gcc -fno-strict-aliasing -I/Users/DelRio/anaconda/envs/benchmark_env_bdba7a33_807e8409/include -arch x86_64 -DNDEBUG -g -fwrapv -O3 -Wall -Wstrict-prototypes -I. -I/Users/DelRio/anaconda/envs/benchmark_env_bdba7a33_807e8409/lib/python2.7/site-packages/numpy/core/include -I/Users/DelRio/anaconda/envs/benchmark_env_bdba7a33_807e8409/include/python2.7 -c build/pyrex/rmgpy/thermo/nasa.c -o build/build/pyrex/rmgpy/thermo/nasa.o
gcc -bundle -undefined dynamic_lookup -L/Users/DelRio/anaconda/envs/benchmark_env_bdba7a33_807e8409/lib -arch x86_64 -arch x86_64 build/build/pyrex/rmgpy/thermo/nasa.o -L/Users/DelRio/anaconda/envs/benchmark_env_bdba7a33_807e8409/lib -o ./rmgpy/thermo/nasa.so
cythoning rmgpy/thermo/wilhoit.pyx to build/pyrex/rmgpy/thermo/wilhoit.c
building 'rmgpy.thermo.wilhoit' extension
gcc -fno-strict-aliasing -I/Users/DelRio/anaconda/envs/benchmark_env_bdba7a33_807e8409/include -arch x86_64 -DNDEBUG -g -fwrapv -O3 -Wall -Wstrict-prototypes -I. -I/Users/DelRio/anaconda/envs/benchmark_env_bdba7a33_807e8409/lib/python2.7/site-packages/numpy/core/include -I/Users/DelRio/anaconda/envs/benchmark_env_bdba7a33_807e8409/include/python2.7 -c build/pyrex/rmgpy/thermo/wilhoit.c -o build/build/pyrex/rmgpy/thermo/wilhoit.o
gcc -bundle -undefined dynamic_lookup -L/Users/DelRio/anaconda/envs/benchmark_env_bdba7a33_807e8409/lib -arch x86_64 -arch x86_64 build/build/pyrex/rmgpy/thermo/wilhoit.o -L/Users/DelRio/anaconda/envs/benchmark_env_bdba7a33_807e8409/lib -o ./rmgpy/thermo/wilhoit.so
cythoning rmgpy/constants.py to build/pyrex/rmgpy/constants.c
building 'rmgpy.constants' extension
gcc -fno-strict-aliasing -I/Users/DelRio/anaconda/envs/benchmark_env_bdba7a33_807e8409/include -arch x86_64 -DNDEBUG -g -fwrapv -O3 -Wall -Wstrict-prototypes -I. -I. -I/Users/DelRio/anaconda/envs/benchmark_env_bdba7a33_807e8409/lib/python2.7/site-packages/numpy/core/include -I/Users/DelRio/anaconda/envs/benchmark_env_bdba7a33_807e8409/include/python2.7 -c build/pyrex/rmgpy/constants.c -o build/build/pyrex/rmgpy/constants.o
gcc -bundle -undefined dynamic_lookup -L/Users/DelRio/anaconda/envs/benchmark_env_bdba7a33_807e8409/lib -arch x86_64 -arch x86_64 build/build/pyrex/rmgpy/constants.o -L/Users/DelRio/anaconda/envs/benchmark_env_bdba7a33_807e8409/lib -o ./rmgpy/constants.so
cythoning rmgpy/quantity.py to build/pyrex/rmgpy/quantity.c
building 'rmgpy.quantity' extension
gcc -fno-strict-aliasing -I/Users/DelRio/anaconda/envs/benchmark_env_bdba7a33_807e8409/include -arch x86_64 -DNDEBUG -g -fwrapv -O3 -Wall -Wstrict-prototypes -I. -I. -I/Users/DelRio/anaconda/envs/benchmark_env_bdba7a33_807e8409/lib/python2.7/site-packages/numpy/core/include -I/Users/DelRio/anaconda/envs/benchmark_env_bdba7a33_807e8409/include/python2.7 -c build/pyrex/rmgpy/quantity.c -o build/build/pyrex/rmgpy/quantity.o
gcc -bundle -undefined dynamic_lookup -L/Users/DelRio/anaconda/envs/benchmark_env_bdba7a33_807e8409/lib -arch x86_64 -arch x86_64 build/build/pyrex/rmgpy/quantity.o -L/Users/DelRio/anaconda/envs/benchmark_env_bdba7a33_807e8409/lib -o ./rmgpy/quantity.so
cythoning rmgpy/reaction.py to build/pyrex/rmgpy/reaction.c
building 'rmgpy.reaction' extension
gcc -fno-strict-aliasing -I/Users/DelRio/anaconda/envs/benchmark_env_bdba7a33_807e8409/include -arch x86_64 -DNDEBUG -g -fwrapv -O3 -Wall -Wstrict-prototypes -I. -I. -I/Users/DelRio/anaconda/envs/benchmark_env_bdba7a33_807e8409/lib/python2.7/site-packages/numpy/core/include -I/Users/DelRio/anaconda/envs/benchmark_env_bdba7a33_807e8409/include/python2.7 -c build/pyrex/rmgpy/reaction.c -o build/build/pyrex/rmgpy/reaction.o
gcc -bundle -undefined dynamic_lookup -L/Users/DelRio/anaconda/envs/benchmark_env_bdba7a33_807e8409/lib -arch x86_64 -arch x86_64 build/build/pyrex/rmgpy/reaction.o -L/Users/DelRio/anaconda/envs/benchmark_env_bdba7a33_807e8409/lib -o ./rmgpy/reaction.so
cythoning rmgpy/species.py to build/pyrex/rmgpy/species.c
building 'rmgpy.species' extension
gcc -fno-strict-aliasing -I/Users/DelRio/anaconda/envs/benchmark_env_bdba7a33_807e8409/include -arch x86_64 -DNDEBUG -g -fwrapv -O3 -Wall -Wstrict-prototypes -I. -I. -I/Users/DelRio/anaconda/envs/benchmark_env_bdba7a33_807e8409/lib/python2.7/site-packages/numpy/core/include -I/Users/DelRio/anaconda/envs/benchmark_env_bdba7a33_807e8409/include/python2.7 -c build/pyrex/rmgpy/species.c -o build/build/pyrex/rmgpy/species.o
gcc -bundle -undefined dynamic_lookup -L/Users/DelRio/anaconda/envs/benchmark_env_bdba7a33_807e8409/lib -arch x86_64 -arch x86_64 build/build/pyrex/rmgpy/species.o -L/Users/DelRio/anaconda/envs/benchmark_env_bdba7a33_807e8409/lib -o ./rmgpy/species.so
DASPK solver found. Compiling with DASPK and sensitivity analysis capability...
python setup.py build_ext solver --build-lib . --build-temp build --pyrex-c-in-temp
running build_ext
cythoning rmgpy/solver/base.pyx to build/pyrex/rmgpy/solver/base.c
creating build/pyrex/rmgpy/solver
building 'rmgpy.solver.base' extension
creating build/build/pyrex/rmgpy/solver
gcc -fno-strict-aliasing -I/Users/DelRio/anaconda/envs/benchmark_env_bdba7a33_807e8409/include -arch x86_64 -DNDEBUG -g -fwrapv -O3 -Wall -Wstrict-prototypes -I. -I. -I/Users/DelRio/anaconda/envs/benchmark_env_bdba7a33_807e8409/lib/python2.7/site-packages/numpy/core/include -I/Users/DelRio/anaconda/envs/benchmark_env_bdba7a33_807e8409/include/python2.7 -c build/pyrex/rmgpy/solver/base.c -o build/build/pyrex/rmgpy/solver/base.o
gcc -bundle -undefined dynamic_lookup -L/Users/DelRio/anaconda/envs/benchmark_env_bdba7a33_807e8409/lib -arch x86_64 -arch x86_64 build/build/pyrex/rmgpy/solver/base.o -L/Users/DelRio/anaconda/envs/benchmark_env_bdba7a33_807e8409/lib -o ./rmgpy/solver/base.so
cythoning rmgpy/solver/simple.pyx to build/pyrex/rmgpy/solver/simple.c
building 'rmgpy.solver.simple' extension
gcc -fno-strict-aliasing -I/Users/DelRio/anaconda/envs/benchmark_env_bdba7a33_807e8409/include -arch x86_64 -DNDEBUG -g -fwrapv -O3 -Wall -Wstrict-prototypes -I. -I. -I/Users/DelRio/anaconda/envs/benchmark_env_bdba7a33_807e8409/lib/python2.7/site-packages/numpy/core/include -I/Users/DelRio/anaconda/envs/benchmark_env_bdba7a33_807e8409/include/python2.7 -c build/pyrex/rmgpy/solver/simple.c -o build/build/pyrex/rmgpy/solver/simple.o
gcc -bundle -undefined dynamic_lookup -L/Users/DelRio/anaconda/envs/benchmark_env_bdba7a33_807e8409/lib -arch x86_64 -arch x86_64 build/build/pyrex/rmgpy/solver/simple.o -L/Users/DelRio/anaconda/envs/benchmark_env_bdba7a33_807e8409/lib -o ./rmgpy/solver/simple.so
cythoning rmgpy/solver/liquid.pyx to build/pyrex/rmgpy/solver/liquid.c
building 'rmgpy.solver.liquid' extension
gcc -fno-strict-aliasing -I/Users/DelRio/anaconda/envs/benchmark_env_bdba7a33_807e8409/include -arch x86_64 -DNDEBUG -g -fwrapv -O3 -Wall -Wstrict-prototypes -I. -I. -I/Users/DelRio/anaconda/envs/benchmark_env_bdba7a33_807e8409/lib/python2.7/site-packages/numpy/core/include -I/Users/DelRio/anaconda/envs/benchmark_env_bdba7a33_807e8409/include/python2.7 -c build/pyrex/rmgpy/solver/liquid.c -o build/build/pyrex/rmgpy/solver/liquid.o
gcc -bundle -undefined dynamic_lookup -L/Users/DelRio/anaconda/envs/benchmark_env_bdba7a33_807e8409/lib -arch x86_64 -arch x86_64 build/build/pyrex/rmgpy/solver/liquid.o -L/Users/DelRio/anaconda/envs/benchmark_env_bdba7a33_807e8409/lib -o ./rmgpy/solver/liquid.so
Checking if you have symmetry...
symmetry -h
Checking you have rdkit...
/Users/DelRio/anaconda/envs/benchmark_env_bdba7a33_807e8409/lib/python2.7/site-packages/rdkit/__init__.pyc
Checking rdkit version...
Found rdkit version 2016.03.4
Checking rdkit has InChI support...
Fetching package metadata ...........
Solving package specifications: .
#
# To activate this environment, use:
# > source activate testing_env_bdba7a33_807e8409
#
# To deactivate this environment, use:
# > source deactivate testing_env_bdba7a33_807e8409
#

Checking you have PyDQED...
/Users/DelRio/anaconda/envs/testing_env_bdba7a33_807e8409/lib/python2.7/site-packages/pydqed.so
python setup.py build_ext main --build-lib . --build-temp build --pyrex-c-in-temp
running build_ext
cythoning rmgpy/kinetics/arrhenius.pyx to build/pyrex/rmgpy/kinetics/arrhenius.c
creating build
creating build/pyrex
creating build/pyrex/rmgpy
creating build/pyrex/rmgpy/kinetics
building 'rmgpy.kinetics.arrhenius' extension
creating build/build
creating build/build/pyrex
creating build/build/pyrex/rmgpy
creating build/build/pyrex/rmgpy/kinetics
gcc -fno-strict-aliasing -I/Users/DelRio/anaconda/envs/testing_env_bdba7a33_807e8409/include -arch x86_64 -DNDEBUG -g -fwrapv -O3 -Wall -Wstrict-prototypes -I. -I/Users/DelRio/anaconda/envs/testing_env_bdba7a33_807e8409/lib/python2.7/site-packages/numpy/core/include -I/Users/DelRio/anaconda/envs/testing_env_bdba7a33_807e8409/include/python2.7 -c build/pyrex/rmgpy/kinetics/arrhenius.c -o build/build/pyrex/rmgpy/kinetics/arrhenius.o
gcc -bundle -undefined dynamic_lookup -L/Users/DelRio/anaconda/envs/testing_env_bdba7a33_807e8409/lib -arch x86_64 -arch x86_64 build/build/pyrex/rmgpy/kinetics/arrhenius.o -L/Users/DelRio/anaconda/envs/testing_env_bdba7a33_807e8409/lib -o ./rmgpy/kinetics/arrhenius.so
cythoning rmgpy/kinetics/chebyshev.pyx to build/pyrex/rmgpy/kinetics/chebyshev.c
building 'rmgpy.kinetics.chebyshev' extension
gcc -fno-strict-aliasing -I/Users/DelRio/anaconda/envs/testing_env_bdba7a33_807e8409/include -arch x86_64 -DNDEBUG -g -fwrapv -O3 -Wall -Wstrict-prototypes -I. -I/Users/DelRio/anaconda/envs/testing_env_bdba7a33_807e8409/lib/python2.7/site-packages/numpy/core/include -I/Users/DelRio/anaconda/envs/testing_env_bdba7a33_807e8409/include/python2.7 -c build/pyrex/rmgpy/kinetics/chebyshev.c -o build/build/pyrex/rmgpy/kinetics/chebyshev.o
gcc -bundle -undefined dynamic_lookup -L/Users/DelRio/anaconda/envs/testing_env_bdba7a33_807e8409/lib -arch x86_64 -arch x86_64 build/build/pyrex/rmgpy/kinetics/chebyshev.o -L/Users/DelRio/anaconda/envs/testing_env_bdba7a33_807e8409/lib -o ./rmgpy/kinetics/chebyshev.so
cythoning rmgpy/kinetics/kineticsdata.pyx to build/pyrex/rmgpy/kinetics/kineticsdata.c
building 'rmgpy.kinetics.kineticsdata' extension
gcc -fno-strict-aliasing -I/Users/DelRio/anaconda/envs/testing_env_bdba7a33_807e8409/include -arch x86_64 -DNDEBUG -g -fwrapv -O3 -Wall -Wstrict-prototypes -I. -I/Users/DelRio/anaconda/envs/testing_env_bdba7a33_807e8409/lib/python2.7/site-packages/numpy/core/include -I/Users/DelRio/anaconda/envs/testing_env_bdba7a33_807e8409/include/python2.7 -c build/pyrex/rmgpy/kinetics/kineticsdata.c -o build/build/pyrex/rmgpy/kinetics/kineticsdata.o
gcc -bundle -undefined dynamic_lookup -L/Users/DelRio/anaconda/envs/testing_env_bdba7a33_807e8409/lib -arch x86_64 -arch x86_64 build/build/pyrex/rmgpy/kinetics/kineticsdata.o -L/Users/DelRio/anaconda/envs/testing_env_bdba7a33_807e8409/lib -o ./rmgpy/kinetics/kineticsdata.so
cythoning rmgpy/kinetics/falloff.pyx to build/pyrex/rmgpy/kinetics/falloff.c
building 'rmgpy.kinetics.falloff' extension
gcc -fno-strict-aliasing -I/Users/DelRio/anaconda/envs/testing_env_bdba7a33_807e8409/include -arch x86_64 -DNDEBUG -g -fwrapv -O3 -Wall -Wstrict-prototypes -I. -I/Users/DelRio/anaconda/envs/testing_env_bdba7a33_807e8409/lib/python2.7/site-packages/numpy/core/include -I/Users/DelRio/anaconda/envs/testing_env_bdba7a33_807e8409/include/python2.7 -c build/pyrex/rmgpy/kinetics/falloff.c -o build/build/pyrex/rmgpy/kinetics/falloff.o
gcc -bundle -undefined dynamic_lookup -L/Users/DelRio/anaconda/envs/testing_env_bdba7a33_807e8409/lib -arch x86_64 -arch x86_64 build/build/pyrex/rmgpy/kinetics/falloff.o -L/Users/DelRio/anaconda/envs/testing_env_bdba7a33_807e8409/lib -o ./rmgpy/kinetics/falloff.so
cythoning rmgpy/kinetics/model.pyx to build/pyrex/rmgpy/kinetics/model.c
building 'rmgpy.kinetics.model' extension
gcc -fno-strict-aliasing -I/Users/DelRio/anaconda/envs/testing_env_bdba7a33_807e8409/include -arch x86_64 -DNDEBUG -g -fwrapv -O3 -Wall -Wstrict-prototypes -I. -I/Users/DelRio/anaconda/envs/testing_env_bdba7a33_807e8409/lib/python2.7/site-packages/numpy/core/include -I/Users/DelRio/anaconda/envs/testing_env_bdba7a33_807e8409/include/python2.7 -c build/pyrex/rmgpy/kinetics/model.c -o build/build/pyrex/rmgpy/kinetics/model.o
gcc -bundle -undefined dynamic_lookup -L/Users/DelRio/anaconda/envs/testing_env_bdba7a33_807e8409/lib -arch x86_64 -arch x86_64 build/build/pyrex/rmgpy/kinetics/model.o -L/Users/DelRio/anaconda/envs/testing_env_bdba7a33_807e8409/lib -o ./rmgpy/kinetics/model.so
cythoning rmgpy/kinetics/tunneling.pyx to build/pyrex/rmgpy/kinetics/tunneling.c
building 'rmgpy.kinetics.tunneling' extension
gcc -fno-strict-aliasing -I/Users/DelRio/anaconda/envs/testing_env_bdba7a33_807e8409/include -arch x86_64 -DNDEBUG -g -fwrapv -O3 -Wall -Wstrict-prototypes -I. -I/Users/DelRio/anaconda/envs/testing_env_bdba7a33_807e8409/lib/python2.7/site-packages/numpy/core/include -I/Users/DelRio/anaconda/envs/testing_env_bdba7a33_807e8409/include/python2.7 -c build/pyrex/rmgpy/kinetics/tunneling.c -o build/build/pyrex/rmgpy/kinetics/tunneling.o
gcc -bundle -undefined dynamic_lookup -L/Users/DelRio/anaconda/envs/testing_env_bdba7a33_807e8409/lib -arch x86_64 -arch x86_64 build/build/pyrex/rmgpy/kinetics/tunneling.o -L/Users/DelRio/anaconda/envs/testing_env_bdba7a33_807e8409/lib -o ./rmgpy/kinetics/tunneling.so
cythoning rmgpy/molecule/atomtype.py to build/pyrex/rmgpy/molecule/atomtype.c
creating build/pyrex/rmgpy/molecule
building 'rmgpy.molecule.atomtype' extension
creating build/build/pyrex/rmgpy/molecule
gcc -fno-strict-aliasing -I/Users/DelRio/anaconda/envs/testing_env_bdba7a33_807e8409/include -arch x86_64 -DNDEBUG -g -fwrapv -O3 -Wall -Wstrict-prototypes -I. -I. -I/Users/DelRio/anaconda/envs/testing_env_bdba7a33_807e8409/lib/python2.7/site-packages/numpy/core/include -I/Users/DelRio/anaconda/envs/testing_env_bdba7a33_807e8409/include/python2.7 -c build/pyrex/rmgpy/molecule/atomtype.c -o build/build/pyrex/rmgpy/molecule/atomtype.o
gcc -bundle -undefined dynamic_lookup -L/Users/DelRio/anaconda/envs/testing_env_bdba7a33_807e8409/lib -arch x86_64 -arch x86_64 build/build/pyrex/rmgpy/molecule/atomtype.o -L/Users/DelRio/anaconda/envs/testing_env_bdba7a33_807e8409/lib -o ./rmgpy/molecule/atomtype.so
cythoning rmgpy/molecule/element.py to build/pyrex/rmgpy/molecule/element.c
building 'rmgpy.molecule.element' extension
gcc -fno-strict-aliasing -I/Users/DelRio/anaconda/envs/testing_env_bdba7a33_807e8409/include -arch x86_64 -DNDEBUG -g -fwrapv -O3 -Wall -Wstrict-prototypes -I. -I. -I/Users/DelRio/anaconda/envs/testing_env_bdba7a33_807e8409/lib/python2.7/site-packages/numpy/core/include -I/Users/DelRio/anaconda/envs/testing_env_bdba7a33_807e8409/include/python2.7 -c build/pyrex/rmgpy/molecule/element.c -o build/build/pyrex/rmgpy/molecule/element.o
gcc -bundle -undefined dynamic_lookup -L/Users/DelRio/anaconda/envs/testing_env_bdba7a33_807e8409/lib -arch x86_64 -arch x86_64 build/build/pyrex/rmgpy/molecule/element.o -L/Users/DelRio/anaconda/envs/testing_env_bdba7a33_807e8409/lib -o ./rmgpy/molecule/element.so
cythoning rmgpy/molecule/graph.pyx to build/pyrex/rmgpy/molecule/graph.c
building 'rmgpy.molecule.graph' extension
gcc -fno-strict-aliasing -I/Users/DelRio/anaconda/envs/testing_env_bdba7a33_807e8409/include -arch x86_64 -DNDEBUG -g -fwrapv -O3 -Wall -Wstrict-prototypes -I. -I. -I/Users/DelRio/anaconda/envs/testing_env_bdba7a33_807e8409/lib/python2.7/site-packages/numpy/core/include -I/Users/DelRio/anaconda/envs/testing_env_bdba7a33_807e8409/include/python2.7 -c build/pyrex/rmgpy/molecule/graph.c -o build/build/pyrex/rmgpy/molecule/graph.o
gcc -bundle -undefined dynamic_lookup -L/Users/DelRio/anaconda/envs/testing_env_bdba7a33_807e8409/lib -arch x86_64 -arch x86_64 build/build/pyrex/rmgpy/molecule/graph.o -L/Users/DelRio/anaconda/envs/testing_env_bdba7a33_807e8409/lib -o ./rmgpy/molecule/graph.so
cythoning rmgpy/molecule/group.py to build/pyrex/rmgpy/molecule/group.c
building 'rmgpy.molecule.group' extension
gcc -fno-strict-aliasing -I/Users/DelRio/anaconda/envs/testing_env_bdba7a33_807e8409/include -arch x86_64 -DNDEBUG -g -fwrapv -O3 -Wall -Wstrict-prototypes -I. -I. -I/Users/DelRio/anaconda/envs/testing_env_bdba7a33_807e8409/lib/python2.7/site-packages/numpy/core/include -I/Users/DelRio/anaconda/envs/testing_env_bdba7a33_807e8409/include/python2.7 -c build/pyrex/rmgpy/molecule/group.c -o build/build/pyrex/rmgpy/molecule/group.o
gcc -bundle -undefined dynamic_lookup -L/Users/DelRio/anaconda/envs/testing_env_bdba7a33_807e8409/lib -arch x86_64 -arch x86_64 build/build/pyrex/rmgpy/molecule/group.o -L/Users/DelRio/anaconda/envs/testing_env_bdba7a33_807e8409/lib -o ./rmgpy/molecule/group.so
cythoning rmgpy/molecule/molecule.py to build/pyrex/rmgpy/molecule/molecule.c
building 'rmgpy.molecule.molecule' extension
gcc -fno-strict-aliasing -I/Users/DelRio/anaconda/envs/testing_env_bdba7a33_807e8409/include -arch x86_64 -DNDEBUG -g -fwrapv -O3 -Wall -Wstrict-prototypes -I. -I. -I/Users/DelRio/anaconda/envs/testing_env_bdba7a33_807e8409/lib/python2.7/site-packages/numpy/core/include -I/Users/DelRio/anaconda/envs/testing_env_bdba7a33_807e8409/include/python2.7 -c build/pyrex/rmgpy/molecule/molecule.c -o build/build/pyrex/rmgpy/molecule/molecule.o
gcc -bundle -undefined dynamic_lookup -L/Users/DelRio/anaconda/envs/testing_env_bdba7a33_807e8409/lib -arch x86_64 -arch x86_64 build/build/pyrex/rmgpy/molecule/molecule.o -L/Users/DelRio/anaconda/envs/testing_env_bdba7a33_807e8409/lib -o ./rmgpy/molecule/molecule.so
cythoning rmgpy/molecule/symmetry.py to build/pyrex/rmgpy/molecule/symmetry.c
building 'rmgpy.molecule.symmetry' extension
gcc -fno-strict-aliasing -I/Users/DelRio/anaconda/envs/testing_env_bdba7a33_807e8409/include -arch x86_64 -DNDEBUG -g -fwrapv -O3 -Wall -Wstrict-prototypes -I. -I. -I/Users/DelRio/anaconda/envs/testing_env_bdba7a33_807e8409/lib/python2.7/site-packages/numpy/core/include -I/Users/DelRio/anaconda/envs/testing_env_bdba7a33_807e8409/include/python2.7 -c build/pyrex/rmgpy/molecule/symmetry.c -o build/build/pyrex/rmgpy/molecule/symmetry.o
gcc -bundle -undefined dynamic_lookup -L/Users/DelRio/anaconda/envs/testing_env_bdba7a33_807e8409/lib -arch x86_64 -arch x86_64 build/build/pyrex/rmgpy/molecule/symmetry.o -L/Users/DelRio/anaconda/envs/testing_env_bdba7a33_807e8409/lib -o ./rmgpy/molecule/symmetry.so
cythoning rmgpy/molecule/vf2.pyx to build/pyrex/rmgpy/molecule/vf2.c
building 'rmgpy.molecule.vf2' extension
gcc -fno-strict-aliasing -I/Users/DelRio/anaconda/envs/testing_env_bdba7a33_807e8409/include -arch x86_64 -DNDEBUG -g -fwrapv -O3 -Wall -Wstrict-prototypes -I. -I. -I/Users/DelRio/anaconda/envs/testing_env_bdba7a33_807e8409/lib/python2.7/site-packages/numpy/core/include -I/Users/DelRio/anaconda/envs/testing_env_bdba7a33_807e8409/include/python2.7 -c build/pyrex/rmgpy/molecule/vf2.c -o build/build/pyrex/rmgpy/molecule/vf2.o
gcc -bundle -undefined dynamic_lookup -L/Users/DelRio/anaconda/envs/testing_env_bdba7a33_807e8409/lib -arch x86_64 -arch x86_64 build/build/pyrex/rmgpy/molecule/vf2.o -L/Users/DelRio/anaconda/envs/testing_env_bdba7a33_807e8409/lib -o ./rmgpy/molecule/vf2.so
cythoning rmgpy/molecule/parser.py to build/pyrex/rmgpy/molecule/parser.c
building 'rmgpy.molecule.parser' extension
gcc -fno-strict-aliasing -I/Users/DelRio/anaconda/envs/testing_env_bdba7a33_807e8409/include -arch x86_64 -DNDEBUG -g -fwrapv -O3 -Wall -Wstrict-prototypes -I. -I. -I/Users/DelRio/anaconda/envs/testing_env_bdba7a33_807e8409/lib/python2.7/site-packages/numpy/core/include -I/Users/DelRio/anaconda/envs/testing_env_bdba7a33_807e8409/include/python2.7 -c build/pyrex/rmgpy/molecule/parser.c -o build/build/pyrex/rmgpy/molecule/parser.o
gcc -bundle -undefined dynamic_lookup -L/Users/DelRio/anaconda/envs/testing_env_bdba7a33_807e8409/lib -arch x86_64 -arch x86_64 build/build/pyrex/rmgpy/molecule/parser.o -L/Users/DelRio/anaconda/envs/testing_env_bdba7a33_807e8409/lib -o ./rmgpy/molecule/parser.so
cythoning rmgpy/molecule/generator.py to build/pyrex/rmgpy/molecule/generator.c
building 'rmgpy.molecule.generator' extension
gcc -fno-strict-aliasing -I/Users/DelRio/anaconda/envs/testing_env_bdba7a33_807e8409/include -arch x86_64 -DNDEBUG -g -fwrapv -O3 -Wall -Wstrict-prototypes -I. -I. -I/Users/DelRio/anaconda/envs/testing_env_bdba7a33_807e8409/lib/python2.7/site-packages/numpy/core/include -I/Users/DelRio/anaconda/envs/testing_env_bdba7a33_807e8409/include/python2.7 -c build/pyrex/rmgpy/molecule/generator.c -o build/build/pyrex/rmgpy/molecule/generator.o
gcc -bundle -undefined dynamic_lookup -L/Users/DelRio/anaconda/envs/testing_env_bdba7a33_807e8409/lib -arch x86_64 -arch x86_64 build/build/pyrex/rmgpy/molecule/generator.o -L/Users/DelRio/anaconda/envs/testing_env_bdba7a33_807e8409/lib -o ./rmgpy/molecule/generator.so
cythoning rmgpy/molecule/util.py to build/pyrex/rmgpy/molecule/util.c
building 'rmgpy.molecule.util' extension
gcc -fno-strict-aliasing -I/Users/DelRio/anaconda/envs/testing_env_bdba7a33_807e8409/include -arch x86_64 -DNDEBUG -g -fwrapv -O3 -Wall -Wstrict-prototypes -I. -I. -I/Users/DelRio/anaconda/envs/testing_env_bdba7a33_807e8409/lib/python2.7/site-packages/numpy/core/include -I/Users/DelRio/anaconda/envs/testing_env_bdba7a33_807e8409/include/python2.7 -c build/pyrex/rmgpy/molecule/util.c -o build/build/pyrex/rmgpy/molecule/util.o
gcc -bundle -undefined dynamic_lookup -L/Users/DelRio/anaconda/envs/testing_env_bdba7a33_807e8409/lib -arch x86_64 -arch x86_64 build/build/pyrex/rmgpy/molecule/util.o -L/Users/DelRio/anaconda/envs/testing_env_bdba7a33_807e8409/lib -o ./rmgpy/molecule/util.so
cythoning rmgpy/molecule/inchi.py to build/pyrex/rmgpy/molecule/inchi.c
building 'rmgpy.molecule.inchi' extension
gcc -fno-strict-aliasing -I/Users/DelRio/anaconda/envs/testing_env_bdba7a33_807e8409/include -arch x86_64 -DNDEBUG -g -fwrapv -O3 -Wall -Wstrict-prototypes -I. -I. -I/Users/DelRio/anaconda/envs/testing_env_bdba7a33_807e8409/lib/python2.7/site-packages/numpy/core/include -I/Users/DelRio/anaconda/envs/testing_env_bdba7a33_807e8409/include/python2.7 -c build/pyrex/rmgpy/molecule/inchi.c -o build/build/pyrex/rmgpy/molecule/inchi.o
gcc -bundle -undefined dynamic_lookup -L/Users/DelRio/anaconda/envs/testing_env_bdba7a33_807e8409/lib -arch x86_64 -arch x86_64 build/build/pyrex/rmgpy/molecule/inchi.o -L/Users/DelRio/anaconda/envs/testing_env_bdba7a33_807e8409/lib -o ./rmgpy/molecule/inchi.so
cythoning rmgpy/molecule/resonance.py to build/pyrex/rmgpy/molecule/resonance.c
building 'rmgpy.molecule.resonance' extension
gcc -fno-strict-aliasing -I/Users/DelRio/anaconda/envs/testing_env_bdba7a33_807e8409/include -arch x86_64 -DNDEBUG -g -fwrapv -O3 -Wall -Wstrict-prototypes -I. -I. -I/Users/DelRio/anaconda/envs/testing_env_bdba7a33_807e8409/lib/python2.7/site-packages/numpy/core/include -I/Users/DelRio/anaconda/envs/testing_env_bdba7a33_807e8409/include/python2.7 -c build/pyrex/rmgpy/molecule/resonance.c -o build/build/pyrex/rmgpy/molecule/resonance.o
gcc -bundle -undefined dynamic_lookup -L/Users/DelRio/anaconda/envs/testing_env_bdba7a33_807e8409/lib -arch x86_64 -arch x86_64 build/build/pyrex/rmgpy/molecule/resonance.o -L/Users/DelRio/anaconda/envs/testing_env_bdba7a33_807e8409/lib -o ./rmgpy/molecule/resonance.so
cythoning rmgpy/molecule/pathfinder.py to build/pyrex/rmgpy/molecule/pathfinder.c
building 'rmgpy.molecule.pathfinder' extension
gcc -fno-strict-aliasing -I/Users/DelRio/anaconda/envs/testing_env_bdba7a33_807e8409/include -arch x86_64 -DNDEBUG -g -fwrapv -O3 -Wall -Wstrict-prototypes -I. -I. -I/Users/DelRio/anaconda/envs/testing_env_bdba7a33_807e8409/lib/python2.7/site-packages/numpy/core/include -I/Users/DelRio/anaconda/envs/testing_env_bdba7a33_807e8409/include/python2.7 -c build/pyrex/rmgpy/molecule/pathfinder.c -o build/build/pyrex/rmgpy/molecule/pathfinder.o
gcc -bundle -undefined dynamic_lookup -L/Users/DelRio/anaconda/envs/testing_env_bdba7a33_807e8409/lib -arch x86_64 -arch x86_64 build/build/pyrex/rmgpy/molecule/pathfinder.o -L/Users/DelRio/anaconda/envs/testing_env_bdba7a33_807e8409/lib -o ./rmgpy/molecule/pathfinder.so
cythoning rmgpy/molecule/kekulize.pyx to build/pyrex/rmgpy/molecule/kekulize.c
building 'rmgpy.molecule.kekulize' extension
gcc -fno-strict-aliasing -I/Users/DelRio/anaconda/envs/testing_env_bdba7a33_807e8409/include -arch x86_64 -DNDEBUG -g -fwrapv -O3 -Wall -Wstrict-prototypes -I. -I. -I/Users/DelRio/anaconda/envs/testing_env_bdba7a33_807e8409/lib/python2.7/site-packages/numpy/core/include -I/Users/DelRio/anaconda/envs/testing_env_bdba7a33_807e8409/include/python2.7 -c build/pyrex/rmgpy/molecule/kekulize.c -o build/build/pyrex/rmgpy/molecule/kekulize.o
gcc -bundle -undefined dynamic_lookup -L/Users/DelRio/anaconda/envs/testing_env_bdba7a33_807e8409/lib -arch x86_64 -arch x86_64 build/build/pyrex/rmgpy/molecule/kekulize.o -L/Users/DelRio/anaconda/envs/testing_env_bdba7a33_807e8409/lib -o ./rmgpy/molecule/kekulize.so
cythoning rmgpy/pdep/collision.pyx to build/pyrex/rmgpy/pdep/collision.c
creating build/pyrex/rmgpy/pdep
building 'rmgpy.pdep.collision' extension
creating build/build/pyrex/rmgpy/pdep
gcc -fno-strict-aliasing -I/Users/DelRio/anaconda/envs/testing_env_bdba7a33_807e8409/include -arch x86_64 -DNDEBUG -g -fwrapv -O3 -Wall -Wstrict-prototypes -I. -I/Users/DelRio/anaconda/envs/testing_env_bdba7a33_807e8409/lib/python2.7/site-packages/numpy/core/include -I/Users/DelRio/anaconda/envs/testing_env_bdba7a33_807e8409/include/python2.7 -c build/pyrex/rmgpy/pdep/collision.c -o build/build/pyrex/rmgpy/pdep/collision.o
gcc -bundle -undefined dynamic_lookup -L/Users/DelRio/anaconda/envs/testing_env_bdba7a33_807e8409/lib -arch x86_64 -arch x86_64 build/build/pyrex/rmgpy/pdep/collision.o -L/Users/DelRio/anaconda/envs/testing_env_bdba7a33_807e8409/lib -o ./rmgpy/pdep/collision.so
cythoning rmgpy/pdep/configuration.pyx to build/pyrex/rmgpy/pdep/configuration.c
building 'rmgpy.pdep.configuration' extension
gcc -fno-strict-aliasing -I/Users/DelRio/anaconda/envs/testing_env_bdba7a33_807e8409/include -arch x86_64 -DNDEBUG -g -fwrapv -O3 -Wall -Wstrict-prototypes -I. -I/Users/DelRio/anaconda/envs/testing_env_bdba7a33_807e8409/lib/python2.7/site-packages/numpy/core/include -I/Users/DelRio/anaconda/envs/testing_env_bdba7a33_807e8409/include/python2.7 -c build/pyrex/rmgpy/pdep/configuration.c -o build/build/pyrex/rmgpy/pdep/configuration.o
gcc -bundle -undefined dynamic_lookup -L/Users/DelRio/anaconda/envs/testing_env_bdba7a33_807e8409/lib -arch x86_64 -arch x86_64 build/build/pyrex/rmgpy/pdep/configuration.o -L/Users/DelRio/anaconda/envs/testing_env_bdba7a33_807e8409/lib -o ./rmgpy/pdep/configuration.so
cythoning rmgpy/pdep/me.pyx to build/pyrex/rmgpy/pdep/me.c
building 'rmgpy.pdep.me' extension
gcc -fno-strict-aliasing -I/Users/DelRio/anaconda/envs/testing_env_bdba7a33_807e8409/include -arch x86_64 -DNDEBUG -g -fwrapv -O3 -Wall -Wstrict-prototypes -I. -I/Users/DelRio/anaconda/envs/testing_env_bdba7a33_807e8409/lib/python2.7/site-packages/numpy/core/include -I/Users/DelRio/anaconda/envs/testing_env_bdba7a33_807e8409/include/python2.7 -c build/pyrex/rmgpy/pdep/me.c -o build/build/pyrex/rmgpy/pdep/me.o
gcc -bundle -undefined dynamic_lookup -L/Users/DelRio/anaconda/envs/testing_env_bdba7a33_807e8409/lib -arch x86_64 -arch x86_64 build/build/pyrex/rmgpy/pdep/me.o -L/Users/DelRio/anaconda/envs/testing_env_bdba7a33_807e8409/lib -o ./rmgpy/pdep/me.so
cythoning rmgpy/pdep/msc.pyx to build/pyrex/rmgpy/pdep/msc.c
building 'rmgpy.pdep.msc' extension
gcc -fno-strict-aliasing -I/Users/DelRio/anaconda/envs/testing_env_bdba7a33_807e8409/include -arch x86_64 -DNDEBUG -g -fwrapv -O3 -Wall -Wstrict-prototypes -I. -I/Users/DelRio/anaconda/envs/testing_env_bdba7a33_807e8409/lib/python2.7/site-packages/numpy/core/include -I/Users/DelRio/anaconda/envs/testing_env_bdba7a33_807e8409/include/python2.7 -c build/pyrex/rmgpy/pdep/msc.c -o build/build/pyrex/rmgpy/pdep/msc.o
gcc -bundle -undefined dynamic_lookup -L/Users/DelRio/anaconda/envs/testing_env_bdba7a33_807e8409/lib -arch x86_64 -arch x86_64 build/build/pyrex/rmgpy/pdep/msc.o -L/Users/DelRio/anaconda/envs/testing_env_bdba7a33_807e8409/lib -o ./rmgpy/pdep/msc.so
cythoning rmgpy/pdep/reaction.pyx to build/pyrex/rmgpy/pdep/reaction.c
building 'rmgpy.pdep.reaction' extension
gcc -fno-strict-aliasing -I/Users/DelRio/anaconda/envs/testing_env_bdba7a33_807e8409/include -arch x86_64 -DNDEBUG -g -fwrapv -O3 -Wall -Wstrict-prototypes -I. -I/Users/DelRio/anaconda/envs/testing_env_bdba7a33_807e8409/lib/python2.7/site-packages/numpy/core/include -I/Users/DelRio/anaconda/envs/testing_env_bdba7a33_807e8409/include/python2.7 -c build/pyrex/rmgpy/pdep/reaction.c -o build/build/pyrex/rmgpy/pdep/reaction.o
gcc -bundle -undefined dynamic_lookup -L/Users/DelRio/anaconda/envs/testing_env_bdba7a33_807e8409/lib -arch x86_64 -arch x86_64 build/build/pyrex/rmgpy/pdep/reaction.o -L/Users/DelRio/anaconda/envs/testing_env_bdba7a33_807e8409/lib -o ./rmgpy/pdep/reaction.so
cythoning rmgpy/pdep/rs.pyx to build/pyrex/rmgpy/pdep/rs.c
building 'rmgpy.pdep.rs' extension
gcc -fno-strict-aliasing -I/Users/DelRio/anaconda/envs/testing_env_bdba7a33_807e8409/include -arch x86_64 -DNDEBUG -g -fwrapv -O3 -Wall -Wstrict-prototypes -I. -I/Users/DelRio/anaconda/envs/testing_env_bdba7a33_807e8409/lib/python2.7/site-packages/numpy/core/include -I/Users/DelRio/anaconda/envs/testing_env_bdba7a33_807e8409/include/python2.7 -c build/pyrex/rmgpy/pdep/rs.c -o build/build/pyrex/rmgpy/pdep/rs.o
gcc -bundle -undefined dynamic_lookup -L/Users/DelRio/anaconda/envs/testing_env_bdba7a33_807e8409/lib -arch x86_64 -arch x86_64 build/build/pyrex/rmgpy/pdep/rs.o -L/Users/DelRio/anaconda/envs/testing_env_bdba7a33_807e8409/lib -o ./rmgpy/pdep/rs.so
cythoning rmgpy/pdep/cse.pyx to build/pyrex/rmgpy/pdep/cse.c
building 'rmgpy.pdep.cse' extension
gcc -fno-strict-aliasing -I/Users/DelRio/anaconda/envs/testing_env_bdba7a33_807e8409/include -arch x86_64 -DNDEBUG -g -fwrapv -O3 -Wall -Wstrict-prototypes -I. -I/Users/DelRio/anaconda/envs/testing_env_bdba7a33_807e8409/lib/python2.7/site-packages/numpy/core/include -I/Users/DelRio/anaconda/envs/testing_env_bdba7a33_807e8409/include/python2.7 -c build/pyrex/rmgpy/pdep/cse.c -o build/build/pyrex/rmgpy/pdep/cse.o
gcc -bundle -undefined dynamic_lookup -L/Users/DelRio/anaconda/envs/testing_env_bdba7a33_807e8409/lib -arch x86_64 -arch x86_64 build/build/pyrex/rmgpy/pdep/cse.o -L/Users/DelRio/anaconda/envs/testing_env_bdba7a33_807e8409/lib -o ./rmgpy/pdep/cse.so
cythoning rmgpy/statmech/conformer.pyx to build/pyrex/rmgpy/statmech/conformer.c
creating build/pyrex/rmgpy/statmech
building 'rmgpy.statmech.conformer' extension
creating build/build/pyrex/rmgpy/statmech
gcc -fno-strict-aliasing -I/Users/DelRio/anaconda/envs/testing_env_bdba7a33_807e8409/include -arch x86_64 -DNDEBUG -g -fwrapv -O3 -Wall -Wstrict-prototypes -I. -I/Users/DelRio/anaconda/envs/testing_env_bdba7a33_807e8409/lib/python2.7/site-packages/numpy/core/include -I/Users/DelRio/anaconda/envs/testing_env_bdba7a33_807e8409/include/python2.7 -c build/pyrex/rmgpy/statmech/conformer.c -o build/build/pyrex/rmgpy/statmech/conformer.o
gcc -bundle -undefined dynamic_lookup -L/Users/DelRio/anaconda/envs/testing_env_bdba7a33_807e8409/lib -arch x86_64 -arch x86_64 build/build/pyrex/rmgpy/statmech/conformer.o -L/Users/DelRio/anaconda/envs/testing_env_bdba7a33_807e8409/lib -o ./rmgpy/statmech/conformer.so
cythoning rmgpy/statmech/mode.pyx to build/pyrex/rmgpy/statmech/mode.c
building 'rmgpy.statmech.mode' extension
gcc -fno-strict-aliasing -I/Users/DelRio/anaconda/envs/testing_env_bdba7a33_807e8409/include -arch x86_64 -DNDEBUG -g -fwrapv -O3 -Wall -Wstrict-prototypes -I. -I/Users/DelRio/anaconda/envs/testing_env_bdba7a33_807e8409/lib/python2.7/site-packages/numpy/core/include -I/Users/DelRio/anaconda/envs/testing_env_bdba7a33_807e8409/include/python2.7 -c build/pyrex/rmgpy/statmech/mode.c -o build/build/pyrex/rmgpy/statmech/mode.o
gcc -bundle -undefined dynamic_lookup -L/Users/DelRio/anaconda/envs/testing_env_bdba7a33_807e8409/lib -arch x86_64 -arch x86_64 build/build/pyrex/rmgpy/statmech/mode.o -L/Users/DelRio/anaconda/envs/testing_env_bdba7a33_807e8409/lib -o ./rmgpy/statmech/mode.so
cythoning rmgpy/statmech/rotation.pyx to build/pyrex/rmgpy/statmech/rotation.c
building 'rmgpy.statmech.rotation' extension
gcc -fno-strict-aliasing -I/Users/DelRio/anaconda/envs/testing_env_bdba7a33_807e8409/include -arch x86_64 -DNDEBUG -g -fwrapv -O3 -Wall -Wstrict-prototypes -I. -I/Users/DelRio/anaconda/envs/testing_env_bdba7a33_807e8409/lib/python2.7/site-packages/numpy/core/include -I/Users/DelRio/anaconda/envs/testing_env_bdba7a33_807e8409/include/python2.7 -c build/pyrex/rmgpy/statmech/rotation.c -o build/build/pyrex/rmgpy/statmech/rotation.o
gcc -bundle -undefined dynamic_lookup -L/Users/DelRio/anaconda/envs/testing_env_bdba7a33_807e8409/lib -arch x86_64 -arch x86_64 build/build/pyrex/rmgpy/statmech/rotation.o -L/Users/DelRio/anaconda/envs/testing_env_bdba7a33_807e8409/lib -o ./rmgpy/statmech/rotation.so
cythoning rmgpy/statmech/schrodinger.pyx to build/pyrex/rmgpy/statmech/schrodinger.c
building 'rmgpy.statmech.schrodinger' extension
gcc -fno-strict-aliasing -I/Users/DelRio/anaconda/envs/testing_env_bdba7a33_807e8409/include -arch x86_64 -DNDEBUG -g -fwrapv -O3 -Wall -Wstrict-prototypes -I. -I/Users/DelRio/anaconda/envs/testing_env_bdba7a33_807e8409/lib/python2.7/site-packages/numpy/core/include -I/Users/DelRio/anaconda/envs/testing_env_bdba7a33_807e8409/include/python2.7 -c build/pyrex/rmgpy/statmech/schrodinger.c -o build/build/pyrex/rmgpy/statmech/schrodinger.o
gcc -bundle -undefined dynamic_lookup -L/Users/DelRio/anaconda/envs/testing_env_bdba7a33_807e8409/lib -arch x86_64 -arch x86_64 build/build/pyrex/rmgpy/statmech/schrodinger.o -L/Users/DelRio/anaconda/envs/testing_env_bdba7a33_807e8409/lib -o ./rmgpy/statmech/schrodinger.so
cythoning rmgpy/statmech/torsion.pyx to build/pyrex/rmgpy/statmech/torsion.c
building 'rmgpy.statmech.torsion' extension
gcc -fno-strict-aliasing -I/Users/DelRio/anaconda/envs/testing_env_bdba7a33_807e8409/include -arch x86_64 -DNDEBUG -g -fwrapv -O3 -Wall -Wstrict-prototypes -I. -I/Users/DelRio/anaconda/envs/testing_env_bdba7a33_807e8409/lib/python2.7/site-packages/numpy/core/include -I/Users/DelRio/anaconda/envs/testing_env_bdba7a33_807e8409/include/python2.7 -c build/pyrex/rmgpy/statmech/torsion.c -o build/build/pyrex/rmgpy/statmech/torsion.o
gcc -bundle -undefined dynamic_lookup -L/Users/DelRio/anaconda/envs/testing_env_bdba7a33_807e8409/lib -arch x86_64 -arch x86_64 build/build/pyrex/rmgpy/statmech/torsion.o -L/Users/DelRio/anaconda/envs/testing_env_bdba7a33_807e8409/lib -o ./rmgpy/statmech/torsion.so
cythoning rmgpy/statmech/translation.pyx to build/pyrex/rmgpy/statmech/translation.c
building 'rmgpy.statmech.translation' extension
gcc -fno-strict-aliasing -I/Users/DelRio/anaconda/envs/testing_env_bdba7a33_807e8409/include -arch x86_64 -DNDEBUG -g -fwrapv -O3 -Wall -Wstrict-prototypes -I. -I/Users/DelRio/anaconda/envs/testing_env_bdba7a33_807e8409/lib/python2.7/site-packages/numpy/core/include -I/Users/DelRio/anaconda/envs/testing_env_bdba7a33_807e8409/include/python2.7 -c build/pyrex/rmgpy/statmech/translation.c -o build/build/pyrex/rmgpy/statmech/translation.o
gcc -bundle -undefined dynamic_lookup -L/Users/DelRio/anaconda/envs/testing_env_bdba7a33_807e8409/lib -arch x86_64 -arch x86_64 build/build/pyrex/rmgpy/statmech/translation.o -L/Users/DelRio/anaconda/envs/testing_env_bdba7a33_807e8409/lib -o ./rmgpy/statmech/translation.so
cythoning rmgpy/statmech/vibration.pyx to build/pyrex/rmgpy/statmech/vibration.c
building 'rmgpy.statmech.vibration' extension
gcc -fno-strict-aliasing -I/Users/DelRio/anaconda/envs/testing_env_bdba7a33_807e8409/include -arch x86_64 -DNDEBUG -g -fwrapv -O3 -Wall -Wstrict-prototypes -I. -I/Users/DelRio/anaconda/envs/testing_env_bdba7a33_807e8409/lib/python2.7/site-packages/numpy/core/include -I/Users/DelRio/anaconda/envs/testing_env_bdba7a33_807e8409/include/python2.7 -c build/pyrex/rmgpy/statmech/vibration.c -o build/build/pyrex/rmgpy/statmech/vibration.o
gcc -bundle -undefined dynamic_lookup -L/Users/DelRio/anaconda/envs/testing_env_bdba7a33_807e8409/lib -arch x86_64 -arch x86_64 build/build/pyrex/rmgpy/statmech/vibration.o -L/Users/DelRio/anaconda/envs/testing_env_bdba7a33_807e8409/lib -o ./rmgpy/statmech/vibration.so
cythoning rmgpy/thermo/thermodata.pyx to build/pyrex/rmgpy/thermo/thermodata.c
creating build/pyrex/rmgpy/thermo
building 'rmgpy.thermo.thermodata' extension
creating build/build/pyrex/rmgpy/thermo
gcc -fno-strict-aliasing -I/Users/DelRio/anaconda/envs/testing_env_bdba7a33_807e8409/include -arch x86_64 -DNDEBUG -g -fwrapv -O3 -Wall -Wstrict-prototypes -I. -I/Users/DelRio/anaconda/envs/testing_env_bdba7a33_807e8409/lib/python2.7/site-packages/numpy/core/include -I/Users/DelRio/anaconda/envs/testing_env_bdba7a33_807e8409/include/python2.7 -c build/pyrex/rmgpy/thermo/thermodata.c -o build/build/pyrex/rmgpy/thermo/thermodata.o
gcc -bundle -undefined dynamic_lookup -L/Users/DelRio/anaconda/envs/testing_env_bdba7a33_807e8409/lib -arch x86_64 -arch x86_64 build/build/pyrex/rmgpy/thermo/thermodata.o -L/Users/DelRio/anaconda/envs/testing_env_bdba7a33_807e8409/lib -o ./rmgpy/thermo/thermodata.so
cythoning rmgpy/thermo/model.pyx to build/pyrex/rmgpy/thermo/model.c
building 'rmgpy.thermo.model' extension
gcc -fno-strict-aliasing -I/Users/DelRio/anaconda/envs/testing_env_bdba7a33_807e8409/include -arch x86_64 -DNDEBUG -g -fwrapv -O3 -Wall -Wstrict-prototypes -I. -I/Users/DelRio/anaconda/envs/testing_env_bdba7a33_807e8409/lib/python2.7/site-packages/numpy/core/include -I/Users/DelRio/anaconda/envs/testing_env_bdba7a33_807e8409/include/python2.7 -c build/pyrex/rmgpy/thermo/model.c -o build/build/pyrex/rmgpy/thermo/model.o
gcc -bundle -undefined dynamic_lookup -L/Users/DelRio/anaconda/envs/testing_env_bdba7a33_807e8409/lib -arch x86_64 -arch x86_64 build/build/pyrex/rmgpy/thermo/model.o -L/Users/DelRio/anaconda/envs/testing_env_bdba7a33_807e8409/lib -o ./rmgpy/thermo/model.so
cythoning rmgpy/thermo/nasa.pyx to build/pyrex/rmgpy/thermo/nasa.c
building 'rmgpy.thermo.nasa' extension
gcc -fno-strict-aliasing -I/Users/DelRio/anaconda/envs/testing_env_bdba7a33_807e8409/include -arch x86_64 -DNDEBUG -g -fwrapv -O3 -Wall -Wstrict-prototypes -I. -I/Users/DelRio/anaconda/envs/testing_env_bdba7a33_807e8409/lib/python2.7/site-packages/numpy/core/include -I/Users/DelRio/anaconda/envs/testing_env_bdba7a33_807e8409/include/python2.7 -c build/pyrex/rmgpy/thermo/nasa.c -o build/build/pyrex/rmgpy/thermo/nasa.o
gcc -bundle -undefined dynamic_lookup -L/Users/DelRio/anaconda/envs/testing_env_bdba7a33_807e8409/lib -arch x86_64 -arch x86_64 build/build/pyrex/rmgpy/thermo/nasa.o -L/Users/DelRio/anaconda/envs/testing_env_bdba7a33_807e8409/lib -o ./rmgpy/thermo/nasa.so
cythoning rmgpy/thermo/wilhoit.pyx to build/pyrex/rmgpy/thermo/wilhoit.c
building 'rmgpy.thermo.wilhoit' extension
gcc -fno-strict-aliasing -I/Users/DelRio/anaconda/envs/testing_env_bdba7a33_807e8409/include -arch x86_64 -DNDEBUG -g -fwrapv -O3 -Wall -Wstrict-prototypes -I. -I/Users/DelRio/anaconda/envs/testing_env_bdba7a33_807e8409/lib/python2.7/site-packages/numpy/core/include -I/Users/DelRio/anaconda/envs/testing_env_bdba7a33_807e8409/include/python2.7 -c build/pyrex/rmgpy/thermo/wilhoit.c -o build/build/pyrex/rmgpy/thermo/wilhoit.o
gcc -bundle -undefined dynamic_lookup -L/Users/DelRio/anaconda/envs/testing_env_bdba7a33_807e8409/lib -arch x86_64 -arch x86_64 build/build/pyrex/rmgpy/thermo/wilhoit.o -L/Users/DelRio/anaconda/envs/testing_env_bdba7a33_807e8409/lib -o ./rmgpy/thermo/wilhoit.so
cythoning rmgpy/constants.py to build/pyrex/rmgpy/constants.c
building 'rmgpy.constants' extension
gcc -fno-strict-aliasing -I/Users/DelRio/anaconda/envs/testing_env_bdba7a33_807e8409/include -arch x86_64 -DNDEBUG -g -fwrapv -O3 -Wall -Wstrict-prototypes -I. -I. -I/Users/DelRio/anaconda/envs/testing_env_bdba7a33_807e8409/lib/python2.7/site-packages/numpy/core/include -I/Users/DelRio/anaconda/envs/testing_env_bdba7a33_807e8409/include/python2.7 -c build/pyrex/rmgpy/constants.c -o build/build/pyrex/rmgpy/constants.o
gcc -bundle -undefined dynamic_lookup -L/Users/DelRio/anaconda/envs/testing_env_bdba7a33_807e8409/lib -arch x86_64 -arch x86_64 build/build/pyrex/rmgpy/constants.o -L/Users/DelRio/anaconda/envs/testing_env_bdba7a33_807e8409/lib -o ./rmgpy/constants.so
cythoning rmgpy/quantity.py to build/pyrex/rmgpy/quantity.c
building 'rmgpy.quantity' extension
gcc -fno-strict-aliasing -I/Users/DelRio/anaconda/envs/testing_env_bdba7a33_807e8409/include -arch x86_64 -DNDEBUG -g -fwrapv -O3 -Wall -Wstrict-prototypes -I. -I. -I/Users/DelRio/anaconda/envs/testing_env_bdba7a33_807e8409/lib/python2.7/site-packages/numpy/core/include -I/Users/DelRio/anaconda/envs/testing_env_bdba7a33_807e8409/include/python2.7 -c build/pyrex/rmgpy/quantity.c -o build/build/pyrex/rmgpy/quantity.o
gcc -bundle -undefined dynamic_lookup -L/Users/DelRio/anaconda/envs/testing_env_bdba7a33_807e8409/lib -arch x86_64 -arch x86_64 build/build/pyrex/rmgpy/quantity.o -L/Users/DelRio/anaconda/envs/testing_env_bdba7a33_807e8409/lib -o ./rmgpy/quantity.so
cythoning rmgpy/reaction.py to build/pyrex/rmgpy/reaction.c
building 'rmgpy.reaction' extension
gcc -fno-strict-aliasing -I/Users/DelRio/anaconda/envs/testing_env_bdba7a33_807e8409/include -arch x86_64 -DNDEBUG -g -fwrapv -O3 -Wall -Wstrict-prototypes -I. -I. -I/Users/DelRio/anaconda/envs/testing_env_bdba7a33_807e8409/lib/python2.7/site-packages/numpy/core/include -I/Users/DelRio/anaconda/envs/testing_env_bdba7a33_807e8409/include/python2.7 -c build/pyrex/rmgpy/reaction.c -o build/build/pyrex/rmgpy/reaction.o
gcc -bundle -undefined dynamic_lookup -L/Users/DelRio/anaconda/envs/testing_env_bdba7a33_807e8409/lib -arch x86_64 -arch x86_64 build/build/pyrex/rmgpy/reaction.o -L/Users/DelRio/anaconda/envs/testing_env_bdba7a33_807e8409/lib -o ./rmgpy/reaction.so
cythoning rmgpy/species.py to build/pyrex/rmgpy/species.c
building 'rmgpy.species' extension
gcc -fno-strict-aliasing -I/Users/DelRio/anaconda/envs/testing_env_bdba7a33_807e8409/include -arch x86_64 -DNDEBUG -g -fwrapv -O3 -Wall -Wstrict-prototypes -I. -I. -I/Users/DelRio/anaconda/envs/testing_env_bdba7a33_807e8409/lib/python2.7/site-packages/numpy/core/include -I/Users/DelRio/anaconda/envs/testing_env_bdba7a33_807e8409/include/python2.7 -c build/pyrex/rmgpy/species.c -o build/build/pyrex/rmgpy/species.o
gcc -bundle -undefined dynamic_lookup -L/Users/DelRio/anaconda/envs/testing_env_bdba7a33_807e8409/lib -arch x86_64 -arch x86_64 build/build/pyrex/rmgpy/species.o -L/Users/DelRio/anaconda/envs/testing_env_bdba7a33_807e8409/lib -o ./rmgpy/species.so
DASPK solver found. Compiling with DASPK and sensitivity analysis capability...
python setup.py build_ext solver --build-lib . --build-temp build --pyrex-c-in-temp
running build_ext
cythoning rmgpy/solver/base.pyx to build/pyrex/rmgpy/solver/base.c
creating build/pyrex/rmgpy/solver
building 'rmgpy.solver.base' extension
creating build/build/pyrex/rmgpy/solver
gcc -fno-strict-aliasing -I/Users/DelRio/anaconda/envs/testing_env_bdba7a33_807e8409/include -arch x86_64 -DNDEBUG -g -fwrapv -O3 -Wall -Wstrict-prototypes -I. -I. -I/Users/DelRio/anaconda/envs/testing_env_bdba7a33_807e8409/lib/python2.7/site-packages/numpy/core/include -I/Users/DelRio/anaconda/envs/testing_env_bdba7a33_807e8409/include/python2.7 -c build/pyrex/rmgpy/solver/base.c -o build/build/pyrex/rmgpy/solver/base.o
gcc -bundle -undefined dynamic_lookup -L/Users/DelRio/anaconda/envs/testing_env_bdba7a33_807e8409/lib -arch x86_64 -arch x86_64 build/build/pyrex/rmgpy/solver/base.o -L/Users/DelRio/anaconda/envs/testing_env_bdba7a33_807e8409/lib -o ./rmgpy/solver/base.so
cythoning rmgpy/solver/simple.pyx to build/pyrex/rmgpy/solver/simple.c
building 'rmgpy.solver.simple' extension
gcc -fno-strict-aliasing -I/Users/DelRio/anaconda/envs/testing_env_bdba7a33_807e8409/include -arch x86_64 -DNDEBUG -g -fwrapv -O3 -Wall -Wstrict-prototypes -I. -I. -I/Users/DelRio/anaconda/envs/testing_env_bdba7a33_807e8409/lib/python2.7/site-packages/numpy/core/include -I/Users/DelRio/anaconda/envs/testing_env_bdba7a33_807e8409/include/python2.7 -c build/pyrex/rmgpy/solver/simple.c -o build/build/pyrex/rmgpy/solver/simple.o
gcc -bundle -undefined dynamic_lookup -L/Users/DelRio/anaconda/envs/testing_env_bdba7a33_807e8409/lib -arch x86_64 -arch x86_64 build/build/pyrex/rmgpy/solver/simple.o -L/Users/DelRio/anaconda/envs/testing_env_bdba7a33_807e8409/lib -o ./rmgpy/solver/simple.so
cythoning rmgpy/solver/liquid.pyx to build/pyrex/rmgpy/solver/liquid.c
building 'rmgpy.solver.liquid' extension
gcc -fno-strict-aliasing -I/Users/DelRio/anaconda/envs/testing_env_bdba7a33_807e8409/include -arch x86_64 -DNDEBUG -g -fwrapv -O3 -Wall -Wstrict-prototypes -I. -I. -I/Users/DelRio/anaconda/envs/testing_env_bdba7a33_807e8409/lib/python2.7/site-packages/numpy/core/include -I/Users/DelRio/anaconda/envs/testing_env_bdba7a33_807e8409/include/python2.7 -c build/pyrex/rmgpy/solver/liquid.c -o build/build/pyrex/rmgpy/solver/liquid.o
gcc -bundle -undefined dynamic_lookup -L/Users/DelRio/anaconda/envs/testing_env_bdba7a33_807e8409/lib -arch x86_64 -arch x86_64 build/build/pyrex/rmgpy/solver/liquid.o -L/Users/DelRio/anaconda/envs/testing_env_bdba7a33_807e8409/lib -o ./rmgpy/solver/liquid.so
Checking if you have symmetry...
symmetry -h
Checking you have rdkit...
/Users/DelRio/anaconda/envs/testing_env_bdba7a33_807e8409/lib/python2.7/site-packages/rdkit/__init__.pyc
Checking rdkit version...
Found rdkit version 2016.03.4
Checking rdkit has InChI support...
Benchmark vs. Testing Version Summary
=========================================
[0;32mbenchmark version of RMG[0m: /Users/DelRio/desktop/RMG/data_dir/code/benchmark/bdba7a33dc0a47c098bd17b178786c5dffb65826_807e84095265da786177dccd931996a97d6e5c99/RMG-Py
bdba7a33dc0a47c098bd17b178786c5dffb65826
Fri Apr 28 14:19:05 2017 -0400

[0;31mtesting version of RMG[0m: /Users/DelRio/desktop/RMG/data_dir/code/testing/bdba7a33dc0a47c098bd17b178786c5dffb65826_807e84095265da786177dccd931996a97d6e5c99/RMG-Py
bdba7a33dc0a47c098bd17b178786c5dffb65826
Fri Apr 28 14:19:05 2017 -0400

[0;32mbenchmark version of RMG-database[0m: /Users/DelRio/desktop/RMG/data_dir/code/benchmark/bdba7a33dc0a47c098bd17b178786c5dffb65826_807e84095265da786177dccd931996a97d6e5c99/RMG-database
807e84095265da786177dccd931996a97d6e5c99
Tue Apr 18 13:51:56 2017 -0400

[0;31mtesting version of RMG-database[0m: /Users/DelRio/desktop/RMG/data_dir/code/testing/bdba7a33dc0a47c098bd17b178786c5dffb65826_807e84095265da786177dccd931996a97d6e5c99/RMG-database
807e84095265da786177dccd931996a97d6e5c99
Tue Apr 18 13:51:56 2017 -0400
=========================================
INSTALLATION COMPLETE
Running NC example
benchmark version of RMG: /Users/DelRio/desktop/RMG/data_dir/code/benchmark/bdba7a33dc0a47c098bd17b178786c5dffb65826_807e84095265da786177dccd931996a97d6e5c99/RMG-Py
test version of RMG: /Users/DelRio/desktop/RMG/data_dir/code/testing/bdba7a33dc0a47c098bd17b178786c5dffb65826_807e84095265da786177dccd931996a97d6e5c99/RMG-Py
Travis Build Dir: /Users/DelRio/desktop/RMG/data_dir/tests/check/bdba7a33dc0a47c098bd17b178786c5dffb65826_807e84095265da786177dccd931996a97d6e5c99/rmg_jobs/NC
benchmark model folder: /Users/DelRio/desktop/RMG/data_dir/tests/benchmark/bdba7a33dc0a47c098bd17b178786c5dffb65826_807e84095265da786177dccd931996a97d6e5c99//rmg_jobs/NC
Test model folder: /Users/DelRio/desktop/RMG/data_dir/tests/testing/bdba7a33dc0a47c098bd17b178786c5dffb65826_807e84095265da786177dccd931996a97d6e5c99//rmg_jobs/NC
core for NC:
Test model has 41 species.
Original model has 41 species.
Test model has 289 reactions.
Original model has 289 reactions.
edge for NC:
Test model has 185 species.
Original model has 185 species.
Test model has 2760 reactions.
Original model has 2760 reactions.
Execution time, Benchmark:
    Execution time (DD:HH:MM:SS): 00:00:01:53
Execution time, Tested:
    Execution time (DD:HH:MM:SS): 00:00:01:36
Memory used, Benchmark:
    Memory used: 304.20 MB
Memory used, Tested:
    Memory used: 303.35 MB
WARNING: 'ReactorNet::step(t)' is deprecated. The argument to this function is deprecated and will be removed after Cantera 2.3.

Observables Test Case: NC Comparison
================

All Observables varied by less than 0.200 on average between old model and new model in all conditions!

NC: TEST JOB COMPLETE

Package plan for package removal in environment /Users/DelRio/anaconda/envs/benchmark_env_bdba7a33_807e8409:

The following packages will be REMOVED:

    appnope:            0.1.0-py27_0                    
    backports:          1.0-py27_0                      
    backports_abc:      0.5-py27_0                      
    bleach:             1.5.0-py27_0                    
    boost:              1.56.0-py27_4                rmg
    cairo:              1.14.8-0                        
    cairocffi:          0.6-py27_1                   rmg
    cantera:            2.3.0a3-np111py27_4_g89d0c56 rmg
    cffi:               1.9.1-py27_0                    
    configparser:       3.5.0-py27_0                    
    coolprop:           6.0.1dev-py27_0              rmg
    coverage:           4.3.4-py27_0                    
    cycler:             0.10.0-py27_0                   
    cython:             0.21-py27_1                     
    decorator:          4.0.11-py27_0                   
    eigen:              3.2.1-0                      rmg
    entrypoints:        0.2.2-py27_1                    
    enum34:             1.1.6-py27_0                    
    ffmpeg:             2.8.6-2                      rmg
    fontconfig:         2.12.1-3                        
    freetype:           2.5.5-2                         
    funcsigs:           1.0.2-py27_0                    
    functools32:        3.2.3.2-py27_0                  
    get_terminal_size:  1.0.0-py27_0                    
    gprof2dot:          2015.02.03-py27_0            rmg
    graphviz:           2.38.0-4                        
    greenlet:           0.4.12-py27_0                   
    html5lib:           0.999-py27_0                    
    icu:                54.1-0                          
    ipykernel:          4.6.1-py27_0                    
    ipython:            5.3.0-py27_0                    
    ipython_genutils:   0.2.0-py27_0                    
    ipywidgets:         6.0.0-py27_0                    
    jbig:               2.1-0                           
    jinja2:             2.9.6-py27_0                    
    jpeg:               9b-0                            
    jsonschema:         2.6.0-py27_0                    
    jupyter:            1.0.0-py27_3                    
    jupyter_client:     5.0.1-py27_0                    
    jupyter_console:    5.1.0-py27_0                    
    jupyter_core:       4.3.0-py27_0                    
    libgcc:             4.8.5-1                         
    libiconv:           1.14-0                          
    libpng:             1.6.27-0                        
    libtiff:            4.0.6-3                         
    libxml2:            2.9.4-0                         
    lpsolve:            5.5.2.5-0                    rmg
    lpsolve55:          5.5-py27_1                   rmg
    markupsafe:         0.23-py27_2                     
    matplotlib:         2.0.0-np111py27_0               
    mistune:            0.7.4-py27_0                    
    mkl:                2017.0.1-0                      
    mock:               2.0.0-py27_0                    
    mopac:              2016-1                       rmg
    nbconvert:          5.1.1-py27_0                    
    nbformat:           4.3.0-py27_0                    
    networkx:           1.11-py27_0                     
    nose:               1.3.7-py27_1                    
    notebook:           5.0.0-py27_0                    
    numpy:              1.11.3-py27_0                   
    openbabel:          2.3.2-py27_4                 rmg
    openssl:            1.0.2k-1                        
    pandas:             0.19.2-np111py27_1              
    pandocfilters:      1.4.1-py27_0                    
    path.py:            10.3.1-py27_0                   
    pathlib2:           2.2.1-py27_0                    
    pbr:                1.10.0-py27_0                   
    pexpect:            4.2.1-py27_0                    
    pickleshare:        0.7.4-py27_0                    
    pip:                9.0.1-py27_1                    
    pixman:             0.34.0-0                        
    prompt_toolkit:     1.0.14-py27_0                   
    psutil:             5.2.2-py27_0                    
    ptyprocess:         0.5.1-py27_0                    
    pycparser:          2.17-py27_0                     
    pydas:              1.0.2-py27_0                 rmg
    pydot:              1.2.2-py27_0                 rmg
    pydqed:             1.0.1-py27_0                 rmg
    pygments:           2.2.0-py27_0                    
    pyparsing:          2.1.4-py27_0                    
    pyqt:               5.6.0-py27_2                    
    python:             2.7.13-0                        
    python-dateutil:    2.6.0-py27_0                    
    pytz:               2017.2-py27_0                   
    pyzmq:              16.0.2-py27_0                   
    qt:                 5.6.2-0                         
    qtconsole:          4.3.0-py27_0                    
    quantities:         0.11.1-py27_0                rmg
    rdkit:              2016.03.4-np111py27_1        rmg
    readline:           6.2-2                           
    scandir:            1.5-py27_0                      
    scipy:              0.19.0-np111py27_0              
    scoop:              0.7-py27_0                   rmg
    setuptools:         27.2.0-py27_0                   
    simplegeneric:      0.8.1-py27_1                    
    singledispatch:     3.4.0.3-py27_0                  
    sip:                4.18-py27_0                     
    six:                1.10.0-py27_0                   
    sqlite:             3.13.0-0                        
    ssl_match_hostname: 3.4.0.2-py27_1                  
    subprocess32:       3.2.7-py27_0                    
    symmetry:           1.0.1-0                      rmg
    terminado:          0.6-py27_0                      
    testpath:           0.3-py27_0                      
    tk:                 8.5.18-0                        
    tornado:            4.5.1-py27_0                    
    traitlets:          4.3.2-py27_0                    
    wcwidth:            0.1.7-py27_0                    
    wheel:              0.29.0-py27_0                   
    widgetsnbextension: 2.0.0-py27_0                    
    x264:               20131217-0                   rmg
    xlwt:               1.2.0-py27_0                    
    xz:                 5.2.2-1                         
    zlib:               1.2.8-3                         


Package plan for package removal in environment /Users/DelRio/anaconda/envs/testing_env_bdba7a33_807e8409:

The following packages will be REMOVED:

    appnope:            0.1.0-py27_0                    
    backports:          1.0-py27_0                      
    backports_abc:      0.5-py27_0                      
    bleach:             1.5.0-py27_0                    
    boost:              1.56.0-py27_4                rmg
    cairo:              1.14.8-0                        
    cairocffi:          0.6-py27_1                   rmg
    cantera:            2.3.0a3-np111py27_4_g89d0c56 rmg
    cffi:               1.9.1-py27_0                    
    configparser:       3.5.0-py27_0                    
    coolprop:           6.0.1dev-py27_0              rmg
    coverage:           4.3.4-py27_0                    
    cycler:             0.10.0-py27_0                   
    cython:             0.21-py27_1                     
    decorator:          4.0.11-py27_0                   
    eigen:              3.2.1-0                      rmg
    entrypoints:        0.2.2-py27_1                    
    enum34:             1.1.6-py27_0                    
    ffmpeg:             2.8.6-2                      rmg
    fontconfig:         2.12.1-3                        
    freetype:           2.5.5-2                         
    funcsigs:           1.0.2-py27_0                    
    functools32:        3.2.3.2-py27_0                  
    get_terminal_size:  1.0.0-py27_0                    
    gprof2dot:          2015.02.03-py27_0            rmg
    graphviz:           2.38.0-4                        
    greenlet:           0.4.12-py27_0                   
    html5lib:           0.999-py27_0                    
    icu:                54.1-0                          
    ipykernel:          4.6.1-py27_0                    
    ipython:            5.3.0-py27_0                    
    ipython_genutils:   0.2.0-py27_0                    
    ipywidgets:         6.0.0-py27_0                    
    jbig:               2.1-0                           
    jinja2:             2.9.6-py27_0                    
    jpeg:               9b-0                            
    jsonschema:         2.6.0-py27_0                    
    jupyter:            1.0.0-py27_3                    
    jupyter_client:     5.0.1-py27_0                    
    jupyter_console:    5.1.0-py27_0                    
    jupyter_core:       4.3.0-py27_0                    
    libgcc:             4.8.5-1                         
    libiconv:           1.14-0                          
    libpng:             1.6.27-0                        
    libtiff:            4.0.6-3                         
    libxml2:            2.9.4-0                         
    lpsolve:            5.5.2.5-0                    rmg
    lpsolve55:          5.5-py27_1                   rmg
    markupsafe:         0.23-py27_2                     
    matplotlib:         2.0.0-np111py27_0               
    mistune:            0.7.4-py27_0                    
    mkl:                2017.0.1-0                      
    mock:               2.0.0-py27_0                    
    mopac:              2016-1                       rmg
    nbconvert:          5.1.1-py27_0                    
    nbformat:           4.3.0-py27_0                    
    networkx:           1.11-py27_0                     
    nose:               1.3.7-py27_1                    
    notebook:           5.0.0-py27_0                    
    numpy:              1.11.3-py27_0                   
    openbabel:          2.3.2-py27_4                 rmg
    openssl:            1.0.2k-1                        
    pandas:             0.19.2-np111py27_1              
    pandocfilters:      1.4.1-py27_0                    
    path.py:            10.3.1-py27_0                   
    pathlib2:           2.2.1-py27_0                    
    pbr:                1.10.0-py27_0                   
    pexpect:            4.2.1-py27_0                    
    pickleshare:        0.7.4-py27_0                    
    pip:                9.0.1-py27_1                    
    pixman:             0.34.0-0                        
    prompt_toolkit:     1.0.14-py27_0                   
    psutil:             5.2.2-py27_0                    
    ptyprocess:         0.5.1-py27_0                    
    pycparser:          2.17-py27_0                     
    pydas:              1.0.2-py27_0                 rmg
    pydot:              1.2.2-py27_0                 rmg
    pydqed:             1.0.1-py27_0                 rmg
    pygments:           2.2.0-py27_0                    
    pyparsing:          2.1.4-py27_0                    
    pyqt:               5.6.0-py27_2                    
    python:             2.7.13-0                        
    python-dateutil:    2.6.0-py27_0                    
    pytz:               2017.2-py27_0                   
    pyzmq:              16.0.2-py27_0                   
    qt:                 5.6.2-0                         
    qtconsole:          4.3.0-py27_0                    
    quantities:         0.11.1-py27_0                rmg
    rdkit:              2016.03.4-np111py27_1        rmg
    readline:           6.2-2                           
    scandir:            1.5-py27_0                      
    scipy:              0.19.0-np111py27_0              
    scoop:              0.7-py27_0                   rmg
    setuptools:         27.2.0-py27_0                   
    simplegeneric:      0.8.1-py27_1                    
    singledispatch:     3.4.0.3-py27_0                  
    sip:                4.18-py27_0                     
    six:                1.10.0-py27_0                   
    sqlite:             3.13.0-0                        
    ssl_match_hostname: 3.4.0.2-py27_1                  
    subprocess32:       3.2.7-py27_0                    
    symmetry:           1.0.1-0                      rmg
    terminado:          0.6-py27_0                      
    testpath:           0.3-py27_0                      
    tk:                 8.5.18-0                        
    tornado:            4.5.1-py27_0                    
    traitlets:          4.3.2-py27_0                    
    wcwidth:            0.1.7-py27_0                    
    wheel:              0.29.0-py27_0                   
    widgetsnbextension: 2.0.0-py27_0                    
    x264:               20131217-0                   rmg
    xlwt:               1.2.0-py27_0                    
    xz:                 5.2.2-1                         
    zlib:               1.2.8-3                         

